#
# There is insufficient memory for the Java Runtime Environment to continue.
# Native memory allocation (malloc) failed to allocate 32744 bytes for ChunkPool::allocate
# Possible reasons:
#   The system is out of physical RAM or swap space
#   The process is running with CompressedOops enabled, and the Java Heap may be blocking the growth of the native heap
# Possible solutions:
#   Reduce memory load on the system
#   Increase physical memory or swap space
#   Check if swap backing store is full
#   Decrease Java heap size (-Xmx/-Xms)
#   Decrease number of Java threads
#   Decrease Java thread stack sizes (-Xss)
#   Set larger code cache with -XX:ReservedCodeCacheSize=
#   JVM is running with Unscaled Compressed Oops mode in which the Java heap is
#     placed in the first 4GB address space. The Java Heap base address is the
#     maximum limit for the native heap growth. Please use -XX:HeapBaseMinAddress
#     to set the Java Heap base and to place the Java Heap above 4GB virtual address.
# This output file may be truncated or incomplete.
#
#  Out of Memory Error (allocation.cpp:272), pid=10568, tid=0x000000000000387c
#
# JRE version: Java(TM) SE Runtime Environment (8.0_301-b09) (build 1.8.0_301-b09)
# Java VM: Java HotSpot(TM) 64-Bit Server VM (25.301-b09 mixed mode windows-amd64 compressed oops)
# Failed to write core dump. Minidumps are not enabled by default on client versions of Windows
#

---------------  T H R E A D  ---------------

Current thread (0x0000020cf86bf000):  JavaThread "C1 CompilerThread2" daemon [_thread_in_native, id=14460, stack(0x0000003211300000,0x0000003211400000)]

Stack: [0x0000003211300000,0x0000003211400000]
Native frames: (J=compiled Java code, j=interpreted, Vv=VM code, C=native code)
V  [jvm.dll+0x32ed79]


Current CompileTask:
C1:   3333 2201       1       org.springframework.asm.ClassReader::accept (1373 bytes)


---------------  P R O C E S S  ---------------

Java Threads: ( => current thread )
  0x0000020cf98e4000 JavaThread "Log4j2-TF-7-Scheduled-2" daemon [_thread_blocked, id=8532, stack(0x0000003211c00000,0x0000003211d00000)]
  0x0000020cf8b37000 JavaThread "RMI Scheduler(0)" daemon [_thread_blocked, id=9584, stack(0x0000003211b00000,0x0000003211c00000)]
  0x0000020cf84d7800 JavaThread "RMI TCP Connection(1)-192.168.78.1" daemon [_thread_in_native, id=6308, stack(0x0000003211a00000,0x0000003211b00000)]
  0x0000020cf84d7000 JavaThread "restartedMain" [_thread_blocked, id=1184, stack(0x0000003211900000,0x0000003211a00000)]
  0x0000020cf84d3800 JavaThread "Thread-1" [_thread_blocked, id=11932, stack(0x0000003211800000,0x0000003211900000)]
  0x0000020cf894d800 JavaThread "RMI TCP Accept-0" daemon [_thread_in_native, id=12780, stack(0x0000003211500000,0x0000003211600000)]
  0x0000020cf86ce800 JavaThread "Service Thread" daemon [_thread_blocked, id=3028, stack(0x0000003211400000,0x0000003211500000)]
=>0x0000020cf86bf000 JavaThread "C1 CompilerThread2" daemon [_thread_in_native, id=14460, stack(0x0000003211300000,0x0000003211400000)]
  0x0000020cf85c0800 JavaThread "C2 CompilerThread1" daemon [_thread_blocked, id=14960, stack(0x0000003211200000,0x0000003211300000)]
  0x0000020cf85bd000 JavaThread "C2 CompilerThread0" daemon [_thread_blocked, id=4148, stack(0x0000003211100000,0x0000003211200000)]
  0x0000020cf8642800 JavaThread "Monitor Ctrl-Break" daemon [_thread_in_native, id=15600, stack(0x0000003211000000,0x0000003211100000)]
  0x0000020cf70ff800 JavaThread "Attach Listener" daemon [_thread_blocked, id=15352, stack(0x0000003210f00000,0x0000003211000000)]
  0x0000020cf70ff000 JavaThread "Signal Dispatcher" daemon [_thread_blocked, id=12972, stack(0x0000003210e00000,0x0000003210f00000)]
  0x0000020cf70ca800 JavaThread "Finalizer" daemon [_thread_blocked, id=12176, stack(0x0000003210d00000,0x0000003210e00000)]
  0x0000020cf70c9800 JavaThread "Reference Handler" daemon [_thread_blocked, id=7708, stack(0x0000003210c00000,0x0000003210d00000)]
  0x0000020ce10c0800 JavaThread "main" [_thread_blocked, id=16244, stack(0x0000003210600000,0x0000003210700000)]

Other Threads:
  0x0000020cf709e000 VMThread [stack: 0x0000003210b00000,0x0000003210c00000] [id=2732]
  0x0000020cf895d000 WatcherThread [stack: 0x0000003211600000,0x0000003211700000] [id=10700]

VM state:at safepoint (normal execution)

VM Mutex/Monitor currently owned by a thread:  ([mutex/lock_event])
[0x0000020ce10bcba0] Threads_lock - owner thread: 0x0000020cf709e000
[0x0000020ce10bd230] Heap_lock - owner thread: 0x0000020cf84d7000

heap address: 0x0000000082a00000, size: 2006 MB, Compressed Oops mode: 32-bit
Narrow klass base: 0x0000000000000000, Narrow klass shift: 3
Compressed class space size: 1073741824 Address: 0x0000000100000000

Heap:
 PSYoungGen      total 33280K, used 32124K [0x00000000d6380000, 0x00000000db300000, 0x0000000100000000)
  eden space 28160K, 100% used [0x00000000d6380000,0x00000000d7f00000,0x00000000d7f00000)
  from space 5120K, 77% used [0x00000000d8880000,0x00000000d8c5f120,0x00000000d8d80000)
  to   space 9728K, 10% used [0x00000000d7f00000,0x00000000d7ff8000,0x00000000d8880000)
 ParOldGen       total 46080K, used 5847K [0x0000000082a00000, 0x0000000085700000, 0x00000000d6380000)
  object space 46080K, 12% used [0x0000000082a00000,0x0000000082fb5da0,0x0000000085700000)
 Metaspace       used 24075K, capacity 25050K, committed 25216K, reserved 1071104K
  class space    used 3161K, capacity 3407K, committed 3456K, reserved 1048576K

Card table byte_map: [0x0000020cf1d90000,0x0000020cf2180000] byte_map_base: 0x0000020cf197b000

Marking Bits: (ParMarkBitMap*) 0x000000006a427fe0
 Begin Bits: [0x0000020cf2420000, 0x0000020cf4378000)
 End Bits:   [0x0000020cf4378000, 0x0000020cf62d0000)

Polling page: 0x0000020ce29a0000

CodeCache: size=245760Kb used=4504Kb max_used=4504Kb free=241255Kb
 bounds [0x0000020ce29d0000, 0x0000020ce2e40000, 0x0000020cf19d0000]
 total_blobs=2641 nmethods=2200 adapters=353
 compilation: enabled

Compilation events (10 events):
Event: 3.324 Thread 0x0000020cf86bf000 nmethod 2196 0x0000020ce2e34d90 code [0x0000020ce2e34ee0, 0x0000020ce2e34ff0]
Event: 3.324 Thread 0x0000020cf86bf000 2197       1       org.apache.commons.logging.LogAdapter::createLog (56 bytes)
Event: 3.324 Thread 0x0000020cf86bf000 nmethod 2197 0x0000020ce2e35090 code [0x0000020ce2e35220, 0x0000020ce2e35460]
Event: 3.325 Thread 0x0000020cf86bf000 2198       1       org.springframework.core.type.classreading.MergedAnnotationReadingVisitor::visitArray (16 bytes)
Event: 3.325 Thread 0x0000020cf86bf000 nmethod 2198 0x0000020ce2e35610 code [0x0000020ce2e35780, 0x0000020ce2e35a70]
Event: 3.325 Thread 0x0000020cf86bf000 2199       1       org.springframework.core.type.classreading.MergedAnnotationReadingVisitor$$Lambda$209/153501131::get$Lambda (10 bytes)
Event: 3.325 Thread 0x0000020cf86bf000 nmethod 2199 0x0000020ce2e35bd0 code [0x0000020ce2e35d20, 0x0000020ce2e35e98]
Event: 3.325 Thread 0x0000020cf86bf000 2200       1       org.springframework.core.type.classreading.MergedAnnotationReadingVisitor::lambda$visitArray$2 (13 bytes)
Event: 3.325 Thread 0x0000020cf86bf000 nmethod 2200 0x0000020ce2e35f10 code [0x0000020ce2e36060, 0x0000020ce2e361b0]
Event: 3.325 Thread 0x0000020cf86bf000 2201       1       org.springframework.asm.ClassReader::accept (1373 bytes)

GC Heap History (10 events):
Event: 2.512 GC heap before
{Heap before GC invocations=3 (full 0):
 PSYoungGen      total 37888K, used 37858K [0x00000000d6380000, 0x00000000d8d80000, 0x0000000100000000)
  eden space 32768K, 100% used [0x00000000d6380000,0x00000000d8380000,0x00000000d8380000)
  from space 5120K, 99% used [0x00000000d8880000,0x00000000d8d78a88,0x00000000d8d80000)
  to   space 5120K, 0% used [0x00000000d8380000,0x00000000d8380000,0x00000000d8880000)
 ParOldGen       total 86016K, used 568K [0x0000000082a00000, 0x0000000087e00000, 0x00000000d6380000)
  object space 86016K, 0% used [0x0000000082a00000,0x0000000082a8e368,0x0000000087e00000)
 Metaspace       used 16787K, capacity 17276K, committed 17408K, reserved 1064960K
  class space    used 2151K, capacity 2279K, committed 2304K, reserved 1048576K
Event: 2.527 GC heap after
Heap after GC invocations=3 (full 0):
 PSYoungGen      total 37888K, used 5100K [0x00000000d6380000, 0x00000000d8d80000, 0x0000000100000000)
  eden space 32768K, 0% used [0x00000000d6380000,0x00000000d6380000,0x00000000d8380000)
  from space 5120K, 99% used [0x00000000d8380000,0x00000000d887b368,0x00000000d8880000)
  to   space 5120K, 0% used [0x00000000d8880000,0x00000000d8880000,0x00000000d8d80000)
 ParOldGen       total 86016K, used 3237K [0x0000000082a00000, 0x0000000087e00000, 0x00000000d6380000)
  object space 86016K, 3% used [0x0000000082a00000,0x0000000082d29728,0x0000000087e00000)
 Metaspace       used 16787K, capacity 17276K, committed 17408K, reserved 1064960K
  class space    used 2151K, capacity 2279K, committed 2304K, reserved 1048576K
}
Event: 2.819 GC heap before
{Heap before GC invocations=4 (full 0):
 PSYoungGen      total 37888K, used 37868K [0x00000000d6380000, 0x00000000d8d80000, 0x0000000100000000)
  eden space 32768K, 100% used [0x00000000d6380000,0x00000000d8380000,0x00000000d8380000)
  from space 5120K, 99% used [0x00000000d8380000,0x00000000d887b368,0x00000000d8880000)
  to   space 5120K, 0% used [0x00000000d8880000,0x00000000d8880000,0x00000000d8d80000)
 ParOldGen       total 86016K, used 3237K [0x0000000082a00000, 0x0000000087e00000, 0x00000000d6380000)
  object space 86016K, 3% used [0x0000000082a00000,0x0000000082d29728,0x0000000087e00000)
 Metaspace       used 20250K, capacity 20950K, committed 21248K, reserved 1067008K
  class space    used 2617K, capacity 2768K, committed 2816K, reserved 1048576K
Event: 2.827 GC heap after
Heap after GC invocations=4 (full 0):
 PSYoungGen      total 37888K, used 5089K [0x00000000d6380000, 0x00000000d8d80000, 0x0000000100000000)
  eden space 32768K, 0% used [0x00000000d6380000,0x00000000d6380000,0x00000000d8380000)
  from space 5120K, 99% used [0x00000000d8880000,0x00000000d8d786a0,0x00000000d8d80000)
  to   space 5120K, 0% used [0x00000000d8380000,0x00000000d8380000,0x00000000d8880000)
 ParOldGen       total 86016K, used 6449K [0x0000000082a00000, 0x0000000087e00000, 0x00000000d6380000)
  object space 86016K, 7% used [0x0000000082a00000,0x000000008304c730,0x0000000087e00000)
 Metaspace       used 20250K, capacity 20950K, committed 21248K, reserved 1067008K
  class space    used 2617K, capacity 2768K, committed 2816K, reserved 1048576K
}
Event: 2.838 GC heap before
{Heap before GC invocations=5 (full 0):
 PSYoungGen      total 37888K, used 7675K [0x00000000d6380000, 0x00000000d8d80000, 0x0000000100000000)
  eden space 32768K, 7% used [0x00000000d6380000,0x00000000d66065e8,0x00000000d8380000)
  from space 5120K, 99% used [0x00000000d8880000,0x00000000d8d786a0,0x00000000d8d80000)
  to   space 5120K, 0% used [0x00000000d8380000,0x00000000d8380000,0x00000000d8880000)
 ParOldGen       total 86016K, used 6449K [0x0000000082a00000, 0x0000000087e00000, 0x00000000d6380000)
  object space 86016K, 7% used [0x0000000082a00000,0x000000008304c730,0x0000000087e00000)
 Metaspace       used 20507K, capacity 21194K, committed 21248K, reserved 1067008K
  class space    used 2645K, capacity 2806K, committed 2816K, reserved 1048576K
Event: 2.842 GC heap after
Heap after GC invocations=5 (full 0):
 PSYoungGen      total 37888K, used 5109K [0x00000000d6380000, 0x00000000d8d80000, 0x0000000100000000)
  eden space 32768K, 0% used [0x00000000d6380000,0x00000000d6380000,0x00000000d8380000)
  from space 5120K, 99% used [0x00000000d8380000,0x00000000d887d438,0x00000000d8880000)
  to   space 5120K, 0% used [0x00000000d8880000,0x00000000d8880000,0x00000000d8d80000)
 ParOldGen       total 86016K, used 6792K [0x0000000082a00000, 0x0000000087e00000, 0x00000000d6380000)
  object space 86016K, 7% used [0x0000000082a00000,0x00000000830a21d8,0x0000000087e00000)
 Metaspace       used 20507K, capacity 21194K, committed 21248K, reserved 1067008K
  class space    used 2645K, capacity 2806K, committed 2816K, reserved 1048576K
}
Event: 2.842 GC heap before
{Heap before GC invocations=6 (full 1):
 PSYoungGen      total 37888K, used 5109K [0x00000000d6380000, 0x00000000d8d80000, 0x0000000100000000)
  eden space 32768K, 0% used [0x00000000d6380000,0x00000000d6380000,0x00000000d8380000)
  from space 5120K, 99% used [0x00000000d8380000,0x00000000d887d438,0x00000000d8880000)
  to   space 5120K, 0% used [0x00000000d8880000,0x00000000d8880000,0x00000000d8d80000)
 ParOldGen       total 86016K, used 6792K [0x0000000082a00000, 0x0000000087e00000, 0x00000000d6380000)
  object space 86016K, 7% used [0x0000000082a00000,0x00000000830a21d8,0x0000000087e00000)
 Metaspace       used 20507K, capacity 21194K, committed 21248K, reserved 1067008K
  class space    used 2645K, capacity 2806K, committed 2816K, reserved 1048576K
Event: 2.870 GC heap after
Heap after GC invocations=6 (full 1):
 PSYoungGen      total 37888K, used 0K [0x00000000d6380000, 0x00000000d8d80000, 0x0000000100000000)
  eden space 32768K, 0% used [0x00000000d6380000,0x00000000d6380000,0x00000000d8380000)
  from space 5120K, 0% used [0x00000000d8380000,0x00000000d8380000,0x00000000d8880000)
  to   space 5120K, 0% used [0x00000000d8880000,0x00000000d8880000,0x00000000d8d80000)
 ParOldGen       total 46080K, used 5839K [0x0000000082a00000, 0x0000000085700000, 0x00000000d6380000)
  object space 46080K, 12% used [0x0000000082a00000,0x0000000082fb3da0,0x0000000085700000)
 Metaspace       used 20507K, capacity 21194K, committed 21248K, reserved 1067008K
  class space    used 2645K, capacity 2806K, committed 2816K, reserved 1048576K
}
Event: 3.110 GC heap before
{Heap before GC invocations=7 (full 1):
 PSYoungGen      total 37888K, used 32724K [0x00000000d6380000, 0x00000000d8d80000, 0x0000000100000000)
  eden space 32768K, 99% used [0x00000000d6380000,0x00000000d83750a0,0x00000000d8380000)
  from space 5120K, 0% used [0x00000000d8380000,0x00000000d8380000,0x00000000d8880000)
  to   space 5120K, 0% used [0x00000000d8880000,0x00000000d8880000,0x00000000d8d80000)
 ParOldGen       total 46080K, used 5839K [0x0000000082a00000, 0x0000000085700000, 0x00000000d6380000)
  object space 46080K, 12% used [0x0000000082a00000,0x0000000082fb3da0,0x0000000085700000)
 Metaspace       used 23066K, capacity 23916K, committed 24064K, reserved 1071104K
  class space    used 3029K, capacity 3209K, committed 3328K, reserved 1048576K
Event: 3.113 GC heap after
Heap after GC invocations=7 (full 1):
 PSYoungGen      total 33280K, used 3964K [0x00000000d6380000, 0x00000000db300000, 0x0000000100000000)
  eden space 28160K, 0% used [0x00000000d6380000,0x00000000d6380000,0x00000000d7f00000)
  from space 5120K, 77% used [0x00000000d8880000,0x00000000d8c5f120,0x00000000d8d80000)
  to   space 9728K, 0% used [0x00000000d7f00000,0x00000000d7f00000,0x00000000d8880000)
 ParOldGen       total 46080K, used 5847K [0x0000000082a00000, 0x0000000085700000, 0x00000000d6380000)
  object space 46080K, 12% used [0x0000000082a00000,0x0000000082fb5da0,0x0000000085700000)
 Metaspace       used 23066K, capacity 23916K, committed 24064K, reserved 1071104K
  class space    used 3029K, capacity 3209K, committed 3328K, reserved 1048576K
}

Deoptimization events (0 events):
No events

Classes redefined (0 events):
No events

Internal exceptions (10 events):
Event: 2.973 Thread 0x0000020cf84d7000 Exception <a 'java/lang/ClassNotFoundException': org/springframework/context/ResourceLoaderAwareCustomizer> (0x00000000d759c8a0) thrown at [C:\jenkins\workspace\8-2-build-windows-amd64-cygwin\jdk8u301\1513\hotspot\src\share\vm\classfile\systemDictionary.c
Event: 2.974 Thread 0x0000020cf84d7000 Exception <a 'java/lang/ClassNotFoundException': org/springframework/beans/factory/AwareCustomizer> (0x00000000d75b4b60) thrown at [C:\jenkins\workspace\8-2-build-windows-amd64-cygwin\jdk8u301\1513\hotspot\src\share\vm\classfile\systemDictionary.cpp, line
Event: 2.974 Thread 0x0000020cf84d7000 Exception <a 'java/lang/ClassNotFoundException': org/springframework/beans/factory/BeanClassLoaderAwareCustomizer> (0x00000000d75d0c90) thrown at [C:\jenkins\workspace\8-2-build-windows-amd64-cygwin\jdk8u301\1513\hotspot\src\share\vm\classfile\systemDicti
Event: 2.974 Thread 0x0000020cf84d7000 Exception <a 'java/lang/ClassNotFoundException': org/springframework/beans/factory/AwareCustomizer> (0x00000000d75e8fe0) thrown at [C:\jenkins\workspace\8-2-build-windows-amd64-cygwin\jdk8u301\1513\hotspot\src\share\vm\classfile\systemDictionary.cpp, line
Event: 2.975 Thread 0x0000020cf84d7000 Exception <a 'java/lang/ClassNotFoundException': org/springframework/context/EnvironmentAwareCustomizer> (0x00000000d7601ae0) thrown at [C:\jenkins\workspace\8-2-build-windows-amd64-cygwin\jdk8u301\1513\hotspot\src\share\vm\classfile\systemDictionary.cpp,
Event: 2.975 Thread 0x0000020cf84d7000 Exception <a 'java/lang/ClassNotFoundException': org/springframework/beans/factory/AwareCustomizer> (0x00000000d7619d10) thrown at [C:\jenkins\workspace\8-2-build-windows-amd64-cygwin\jdk8u301\1513\hotspot\src\share\vm\classfile\systemDictionary.cpp, line
Event: 3.061 Thread 0x0000020cf84d7000 Exception <a 'java/lang/NoSuchMethodError': java.lang.Object.lambda$or$2(Ljava/util/function/Predicate;Ljava/lang/Object;)Z> (0x00000000d7d46a20) thrown at [C:\jenkins\workspace\8-2-build-windows-amd64-cygwin\jdk8u301\1513\hotspot\src\share\vm\interpreter
Event: 3.164 Thread 0x0000020cf84d7000 Exception <a 'java/lang/IncompatibleClassChangeError': Found class java.lang.Object, but interface was expected> (0x00000000d6ba2558) thrown at [C:\jenkins\workspace\8-2-build-windows-amd64-cygwin\jdk8u301\1513\hotspot\src\share\vm\interpreter\linkResolve
Event: 3.211 Thread 0x0000020cf84d7000 Exception <a 'java/lang/NoSuchMethodError': java.lang.Object.lambda$getAllAnnotationAttributes$0(Lorg/springframework/util/MultiValueMap;)Lorg/springframework/util/MultiValueMap;> (0x00000000d7090630) thrown at [C:\jenkins\workspace\8-2-build-windows-amd6
Event: 3.212 Thread 0x0000020cf84d7000 Exception <a 'java/lang/NoSuchMethodError': java.lang.Object.lambda$identity$2(Ljava/lang/Object;)Ljava/lang/Object;> (0x00000000d70a6508) thrown at [C:\jenkins\workspace\8-2-build-windows-amd64-cygwin\jdk8u301\1513\hotspot\src\share\vm\interpreter\linkRe

Events (10 events):
Event: 3.327 loading class org/mybatis/scripting/velocity/VelocityLanguageDriverConfig
Event: 3.327 loading class org/mybatis/scripting/velocity/VelocityLanguageDriverConfig done
Event: 3.327 loading class org/mybatis/scripting/velocity/Driver
Event: 3.327 loading class org/mybatis/scripting/velocity/Driver done
Event: 3.327 loading class org/mybatis/scripting/freemarker/FreeMarkerLanguageDriver
Event: 3.327 loading class org/mybatis/scripting/freemarker/FreeMarkerLanguageDriver done
Event: 3.327 loading class org/mybatis/scripting/freemarker/FreeMarkerLanguageDriverConfig
Event: 3.327 loading class org/mybatis/scripting/freemarker/FreeMarkerLanguageDriverConfig done
Event: 3.328 loading class org/mybatis/scripting/freemarker/FreeMarkerLanguageDriver
Event: 3.328 loading class org/mybatis/scripting/freemarker/FreeMarkerLanguageDriver done


Dynamic libraries:
0x00007ff7bf970000 - 0x00007ff7bf9b7000 	E:\softwares\jdk1.8\bin\java.exe
0x00007ffe17430000 - 0x00007ffe17625000 	C:\WINDOWS\SYSTEM32\ntdll.dll
0x00007ffe15d40000 - 0x00007ffe15dfe000 	C:\WINDOWS\System32\KERNEL32.DLL
0x00007ffe14c30000 - 0x00007ffe14ef9000 	C:\WINDOWS\System32\KERNELBASE.dll
0x00007ffe16610000 - 0x00007ffe166bc000 	C:\WINDOWS\System32\ADVAPI32.dll
0x00007ffe16b80000 - 0x00007ffe16c1e000 	C:\WINDOWS\System32\msvcrt.dll
0x00007ffe16d80000 - 0x00007ffe16e1b000 	C:\WINDOWS\System32\sechost.dll
0x00007ffe16fb0000 - 0x00007ffe170da000 	C:\WINDOWS\System32\RPCRT4.dll
0x00007ffe170e0000 - 0x00007ffe17281000 	C:\WINDOWS\System32\USER32.dll
0x00007ffe14f60000 - 0x00007ffe14f82000 	C:\WINDOWS\System32\win32u.dll
0x00007ffe16d50000 - 0x00007ffe16d7b000 	C:\WINDOWS\System32\GDI32.dll
0x00007ffe15210000 - 0x00007ffe1531b000 	C:\WINDOWS\System32\gdi32full.dll
0x00007ffe150c0000 - 0x00007ffe1515d000 	C:\WINDOWS\System32\msvcp_win.dll
0x00007ffe14f90000 - 0x00007ffe15090000 	C:\WINDOWS\System32\ucrtbase.dll
0x00007ffe028a0000 - 0x00007ffe02b3a000 	C:\WINDOWS\WinSxS\amd64_microsoft.windows.common-controls_6595b64144ccf1df_6.0.19041.1110_none_60b5254171f9507e\COMCTL32.dll
0x00007ffe16770000 - 0x00007ffe167a0000 	C:\WINDOWS\System32\IMM32.DLL
0x00007ffe014c0000 - 0x00007ffe014d5000 	E:\softwares\jdk1.8\jre\bin\vcruntime140.dll
0x00007ffe00c30000 - 0x00007ffe00ccb000 	E:\softwares\jdk1.8\jre\bin\msvcp140.dll
0x0000000069c40000 - 0x000000006a4a0000 	E:\softwares\jdk1.8\jre\bin\server\jvm.dll
0x00007ffe15ab0000 - 0x00007ffe15ab8000 	C:\WINDOWS\System32\PSAPI.DLL
0x00007ffe01670000 - 0x00007ffe01697000 	C:\WINDOWS\SYSTEM32\WINMM.dll
0x00007ffdfdfb0000 - 0x00007ffdfdfb9000 	C:\WINDOWS\SYSTEM32\WSOCK32.dll
0x00007ffe15cd0000 - 0x00007ffe15d3b000 	C:\WINDOWS\System32\WS2_32.dll
0x00007ffe07000000 - 0x00007ffe0700a000 	C:\WINDOWS\SYSTEM32\VERSION.dll
0x00007ffe13640000 - 0x00007ffe13652000 	C:\WINDOWS\SYSTEM32\kernel.appcore.dll
0x00007ffe04720000 - 0x00007ffe04730000 	E:\softwares\jdk1.8\jre\bin\verify.dll
0x00007ffe00d00000 - 0x00007ffe00d2b000 	E:\softwares\jdk1.8\jre\bin\java.dll
0x00007ffe00000000 - 0x00007ffe00030000 	E:\softwares\jdk1.8\jre\bin\instrument.dll
0x00007ffe00c10000 - 0x00007ffe00c28000 	E:\softwares\jdk1.8\jre\bin\zip.dll
0x00007ffe15e60000 - 0x00007ffe1659f000 	C:\WINDOWS\System32\SHELL32.dll
0x00007ffe12ac0000 - 0x00007ffe13250000 	C:\WINDOWS\SYSTEM32\windows.storage.dll
0x00007ffe16820000 - 0x00007ffe16b75000 	C:\WINDOWS\System32\combase.dll
0x00007ffe145a0000 - 0x00007ffe145cc000 	C:\WINDOWS\SYSTEM32\Wldp.dll
0x00007ffe15a00000 - 0x00007ffe15aad000 	C:\WINDOWS\System32\SHCORE.dll
0x00007ffe15c70000 - 0x00007ffe15cc5000 	C:\WINDOWS\System32\shlwapi.dll
0x00007ffe14a90000 - 0x00007ffe14aaf000 	C:\WINDOWS\SYSTEM32\profapi.dll
0x00007ffdfffe0000 - 0x00007ffdffffa000 	E:\IDEA\IntelliJ IDEA 2018.2.8\bin\breakgen64.dll
0x00007ffe00bf0000 - 0x00007ffe00c0c000 	E:\softwares\jdk1.8\jre\bin\net.dll
0x00007ffe14300000 - 0x00007ffe1436a000 	C:\WINDOWS\system32\mswsock.dll
0x00007ffe13ff0000 - 0x00007ffe140bc000 	C:\WINDOWS\SYSTEM32\DNSAPI.dll
0x00007ffe13fa0000 - 0x00007ffe13fdb000 	C:\WINDOWS\SYSTEM32\IPHLPAPI.DLL
0x00007ffe16fa0000 - 0x00007ffe16fa8000 	C:\WINDOWS\System32\NSI.dll
0x00007ffdffce0000 - 0x00007ffdffcea000 	C:\Windows\System32\rasadhlp.dll
0x00007ffe00a80000 - 0x00007ffe00aff000 	C:\WINDOWS\System32\fwpuclnt.dll
0x00007ffe15090000 - 0x00007ffe150b7000 	C:\WINDOWS\System32\bcrypt.dll
0x00007ffe02b90000 - 0x00007ffe02b9d000 	E:\softwares\jdk1.8\jre\bin\management.dll
0x00007ffe00bd0000 - 0x00007ffe00be3000 	E:\softwares\jdk1.8\jre\bin\nio.dll
0x00007ffe14500000 - 0x00007ffe14518000 	C:\WINDOWS\SYSTEM32\CRYPTSP.dll
0x00007ffe13c10000 - 0x00007ffe13c44000 	C:\WINDOWS\system32\rsaenh.dll
0x00007ffe14a10000 - 0x00007ffe14a3e000 	C:\WINDOWS\SYSTEM32\USERENV.dll
0x00007ffe14ba0000 - 0x00007ffe14c23000 	C:\WINDOWS\System32\bcryptprimitives.dll
0x00007ffe144f0000 - 0x00007ffe144fc000 	C:\WINDOWS\SYSTEM32\CRYPTBASE.dll
0x00007ffe0c5b0000 - 0x00007ffe0c5c7000 	C:\WINDOWS\SYSTEM32\dhcpcsvc6.DLL
0x00007ffe0c8c0000 - 0x00007ffe0c8dd000 	C:\WINDOWS\SYSTEM32\dhcpcsvc.DLL
0x00007ffdf7df0000 - 0x00007ffdf7e07000 	C:\WINDOWS\system32\napinsp.dll
0x00007ffdf7dd0000 - 0x00007ffdf7deb000 	C:\WINDOWS\system32\pnrpnsp.dll
0x00007ffdf7db0000 - 0x00007ffdf7dc5000 	C:\WINDOWS\system32\wshbth.dll
0x00007ffe10710000 - 0x00007ffe1072d000 	C:\WINDOWS\system32\NLAapi.dll
0x00007ffdf7d90000 - 0x00007ffdf7da2000 	C:\WINDOWS\System32\winrnr.dll

VM Arguments:
jvm_args: -XX:TieredStopAtLevel=1 -Xverify:none -Dspring.output.ansi.enabled=always -Dcom.sun.management.jmxremote -Dspring.liveBeansView.mbeanDomain -Dspring.application.admin.enabled=true -javaagent:E:\IDEA\IntelliJ IDEA 2018.2.8\lib\idea_rt.jar=49319:E:\IDEA\IntelliJ IDEA 2018.2.8\bin -Dfile.encoding=UTF-8 
java_command: org.electric.StartElectricApplication
java_class_path (initial): E:\softwares\jdk1.8\jre\lib\charsets.jar;E:\softwares\jdk1.8\jre\lib\deploy.jar;E:\softwares\jdk1.8\jre\lib\ext\access-bridge-64.jar;E:\softwares\jdk1.8\jre\lib\ext\cldrdata.jar;E:\softwares\jdk1.8\jre\lib\ext\dnsns.jar;E:\softwares\jdk1.8\jre\lib\ext\jaccess.jar;E:\softwares\jdk1.8\jre\lib\ext\jfxrt.jar;E:\softwares\jdk1.8\jre\lib\ext\localedata.jar;E:\softwares\jdk1.8\jre\lib\ext\nashorn.jar;E:\softwares\jdk1.8\jre\lib\ext\sunec.jar;E:\softwares\jdk1.8\jre\lib\ext\sunjce_provider.jar;E:\softwares\jdk1.8\jre\lib\ext\sunmscapi.jar;E:\softwares\jdk1.8\jre\lib\ext\sunpkcs11.jar;E:\softwares\jdk1.8\jre\lib\ext\zipfs.jar;E:\softwares\jdk1.8\jre\lib\javaws.jar;E:\softwares\jdk1.8\jre\lib\jce.jar;E:\softwares\jdk1.8\jre\lib\jfr.jar;E:\softwares\jdk1.8\jre\lib\jfxswt.jar;E:\softwares\jdk1.8\jre\lib\jsse.jar;E:\softwares\jdk1.8\jre\lib\management-agent.jar;E:\softwares\jdk1.8\jre\lib\plugin.jar;E:\softwares\jdk1.8\jre\lib\resources.jar;E:\softwares\jdk1.8\jre\lib\rt.jar;E:\houduan\design_electric\target\classes;C:\Users\Administrator\.m2\repository\cn\hutool\hutool-all\5.5.8\hutool-all-5.5.8.jar;C:\Users\Administrator\.m2\repository\org\apache\poi\poi\4.1.2\poi-4.1.2.jar;C:\Users\Administrator\.m2\repository\commons-codec\commons-codec\1.14\commons-codec-1.14.jar;C:\Users\Administrator\.m2\repository\org\apache\commons\commons-collections4\4.4\commons-collections4-4.4.jar;C:\Users\Administrator\.m2\repository\org\apache\commons\commons-math3\3.6.1\commons-math3-3.6.1.jar;C:\Users\Administrator\.m2\repository\com\zaxxer\SparseBitSet\1.2\SparseBitSet-1.2.jar;C:\Users\Administrator\.m2\repository\org\apache\poi\poi-ooxml\4.1.2\poi-ooxml-4.1.2.jar;C:\Users\Administrator\.m2\repository\org\apache\commons\commons-compress\1.19\commons-compress-1.19.jar;C:\Users\Administrator\.m2\repository\com\github\virtuald\curvesapi\1.06\curvesapi-1.06.jar;C:\Users\Administrator\.m2\repository\org\apache\poi\poi-ooxml-schemas\4.1.2\poi-ooxml-schemas-4.1.2.jar;C:\Us
Launcher Type: SUN_STANDARD

Environment Variables:
JAVA_HOME=E:\softwares\jdk1.8
CLASSPATH=.
PATH=C:\Program Files (x86)\Common Files\Oracle\Java\javapath;"C:\windows\system32;C:\windows;C:\windows\SystemRoot%\system32;C:\WINDOWS;C:\WINDOWS\system32\WBEM";C:\Program Files\NVIDIA GPU Computing Toolkit\CUDA\v11.3\bin;C:\Program Files\NVIDIA GPU Computing Toolkit\CUDA\v11.3\libnvvp;E:\Android\Android sdk\tools;E:\softwares\jdk-11.0.1\bin;E:\Android\Android sdk\platform-tools;H:\Matlab2016a\runtime\win64;H:\Matlab2016a\bin;H:\Matlab2016a\polyspace\bin;C:\Program Files\NVIDIA Corporation\Nsight Compute 2021.1.1\;C:\Program Files (x86)\NVIDIA Corporation\PhysX\Common;C:\Program Files\NVIDIA Corporation\NVIDIA NvDLISR;C:\Program Files\Microsoft SQL Server\110\Tools\Binn\;C:\Windows\System32;F:\xshell\;F:\xftp\;E:\softwares\maven\apache-maven-3.6.3\bin;E:\mysql\mysql;E:\mysql\mysql\bin;E:\VisualSVN_server\Server\bin;C:\Program Files\TortoiseSVN\bin;C:\WINDOWS\system32;C:\WINDOWS\System32\Wbem;C:\WINDOWS\System32\WindowsPowerShell\v1.0\;C:\WINDOWS\System32\OpenSSH\;E:\softwares\wechatdevelop\微信web开发者工具\dll;C:\Users\Administrator\AppData\Local\Microsoft\WindowsApps;
USERNAME=PaoW
OS=Windows_NT
PROCESSOR_IDENTIFIER=Intel64 Family 6 Model 94 Stepping 3, GenuineIntel



---------------  S Y S T E M  ---------------

OS: Windows 10.0 , 64 bit Build 19041 (10.0.19041.1202)

CPU:total 4 (initial active 4) (4 cores per cpu, 1 threads per core) family 6 model 94 stepping 3, cmov, cx8, fxsr, mmx, sse, sse2, sse3, ssse3, sse4.1, sse4.2, popcnt, avx, avx2, aes, clmul, erms, rtm, 3dnowpref, lzcnt, tsc, tscinvbit, bmi1, bmi2, adx

Memory: 4k page, physical 8212480k(1572084k free), swap 9879040k(14336k free)

vm_info: Java HotSpot(TM) 64-Bit Server VM (25.301-b09) for windows-amd64 JRE (1.8.0_301-b09), built on Jun  9 2021 06:46:21 by "java_re" with MS VC++ 15.9 (VS2017)

time: Mon Dec 13 19:57:56 2021
timezone: 中国标准时间
elapsed time: 3.341312 seconds (0d 0h 0m 3s)

