2022-10-12 11:29:55.432 [32mINFO [m [restartedMain] [32mo.e.StartElectricApplication.logStartupProfileInfo(651)[m: No active profile set, falling back to default profiles: default
2022-10-12 11:30:01.759 [1;31mERROR[m [restartedMain] [1;31mc.a.d.p.DruidDataSource.error(53)[m: init datasource error, url: jdbc:mysql://localhost:3306/design_electric?serverTimezone=UTC&autoReconnect=true&useUnicode=true&characterEncoding=UTF-8&useSSL=false
java.sql.SQLNonTransientConnectionException: Could not create connection to database server. Attempted reconnect 3 times. Giving up.
	at com.mysql.cj.jdbc.exceptions.SQLError.createSQLException(SQLError.java:110) ~[mysql-connector-java-8.0.20.jar:8.0.20]
	at com.mysql.cj.jdbc.exceptions.SQLError.createSQLException(SQLError.java:97) ~[mysql-connector-java-8.0.20.jar:8.0.20]
	at com.mysql.cj.jdbc.exceptions.SQLError.createSQLException(SQLError.java:89) ~[mysql-connector-java-8.0.20.jar:8.0.20]
	at com.mysql.cj.jdbc.exceptions.SQLError.createSQLException(SQLError.java:63) ~[mysql-connector-java-8.0.20.jar:8.0.20]
	at com.mysql.cj.jdbc.exceptions.SQLError.createSQLException(SQLError.java:73) ~[mysql-connector-java-8.0.20.jar:8.0.20]
	at com.mysql.cj.jdbc.ConnectionImpl.connectWithRetries(ConnectionImpl.java:906) ~[mysql-connector-java-8.0.20.jar:8.0.20]
	at com.mysql.cj.jdbc.ConnectionImpl.createNewIO(ConnectionImpl.java:831) ~[mysql-connector-java-8.0.20.jar:8.0.20]
	at com.mysql.cj.jdbc.ConnectionImpl.<init>(ConnectionImpl.java:456) ~[mysql-connector-java-8.0.20.jar:8.0.20]
	at com.mysql.cj.jdbc.ConnectionImpl.getInstance(ConnectionImpl.java:246) ~[mysql-connector-java-8.0.20.jar:8.0.20]
	at com.mysql.cj.jdbc.NonRegisteringDriver.connect(NonRegisteringDriver.java:197) ~[mysql-connector-java-8.0.20.jar:8.0.20]
	at com.alibaba.druid.filter.FilterChainImpl.connection_connect(FilterChainImpl.java:156) ~[druid-1.1.22.jar:1.1.22]
	at com.alibaba.druid.filter.stat.StatFilter.connection_connect(StatFilter.java:218) ~[druid-1.1.22.jar:1.1.22]
	at com.alibaba.druid.filter.FilterChainImpl.connection_connect(FilterChainImpl.java:150) ~[druid-1.1.22.jar:1.1.22]
	at com.alibaba.druid.filter.FilterAdapter.connection_connect(FilterAdapter.java:787) ~[druid-1.1.22.jar:1.1.22]
	at com.alibaba.druid.filter.FilterEventAdapter.connection_connect(FilterEventAdapter.java:38) ~[druid-1.1.22.jar:1.1.22]
	at com.alibaba.druid.filter.FilterChainImpl.connection_connect(FilterChainImpl.java:150) ~[druid-1.1.22.jar:1.1.22]
	at com.alibaba.druid.pool.DruidAbstractDataSource.createPhysicalConnection(DruidAbstractDataSource.java:1646) ~[druid-1.1.22.jar:1.1.22]
	at com.alibaba.druid.pool.DruidAbstractDataSource.createPhysicalConnection(DruidAbstractDataSource.java:1710) ~[druid-1.1.22.jar:1.1.22]
	at com.alibaba.druid.pool.DruidDataSource.init(DruidDataSource.java:923) ~[druid-1.1.22.jar:1.1.22]
	at sun.reflect.NativeMethodAccessorImpl.invoke0(Native Method) ~[?:1.8.0_341]
	at sun.reflect.NativeMethodAccessorImpl.invoke(NativeMethodAccessorImpl.java:62) ~[?:1.8.0_341]
	at sun.reflect.DelegatingMethodAccessorImpl.invoke(DelegatingMethodAccessorImpl.java:43) ~[?:1.8.0_341]
	at java.lang.reflect.Method.invoke(Method.java:498) ~[?:1.8.0_341]
	at org.springframework.beans.factory.support.AbstractAutowireCapableBeanFactory.invokeCustomInitMethod(AbstractAutowireCapableBeanFactory.java:1920) ~[spring-beans-5.2.10.RELEASE.jar:5.2.10.RELEASE]
	at org.springframework.beans.factory.support.AbstractAutowireCapableBeanFactory.invokeInitMethods(AbstractAutowireCapableBeanFactory.java:1862) ~[spring-beans-5.2.10.RELEASE.jar:5.2.10.RELEASE]
	at org.springframework.beans.factory.support.AbstractAutowireCapableBeanFactory.initializeBean(AbstractAutowireCapableBeanFactory.java:1790) ~[spring-beans-5.2.10.RELEASE.jar:5.2.10.RELEASE]
	at org.springframework.beans.factory.support.AbstractAutowireCapableBeanFactory.doCreateBean(AbstractAutowireCapableBeanFactory.java:594) ~[spring-beans-5.2.10.RELEASE.jar:5.2.10.RELEASE]
	at org.springframework.beans.factory.support.AbstractAutowireCapableBeanFactory.createBean(AbstractAutowireCapableBeanFactory.java:516) ~[spring-beans-5.2.10.RELEASE.jar:5.2.10.RELEASE]
	at org.springframework.beans.factory.support.AbstractBeanFactory.lambda$doGetBean$0(AbstractBeanFactory.java:324) ~[spring-beans-5.2.10.RELEASE.jar:5.2.10.RELEASE]
	at org.springframework.beans.factory.support.DefaultSingletonBeanRegistry.getSingleton(DefaultSingletonBeanRegistry.java:234) ~[spring-beans-5.2.10.RELEASE.jar:5.2.10.RELEASE]
	at org.springframework.beans.factory.support.AbstractBeanFactory.doGetBean(AbstractBeanFactory.java:322) ~[spring-beans-5.2.10.RELEASE.jar:5.2.10.RELEASE]
	at org.springframework.beans.factory.support.AbstractBeanFactory.getBean(AbstractBeanFactory.java:202) ~[spring-beans-5.2.10.RELEASE.jar:5.2.10.RELEASE]
	at org.springframework.beans.factory.config.DependencyDescriptor.resolveCandidate(DependencyDescriptor.java:276) ~[spring-beans-5.2.10.RELEASE.jar:5.2.10.RELEASE]
	at org.springframework.beans.factory.support.DefaultListableBeanFactory.doResolveDependency(DefaultListableBeanFactory.java:1307) ~[spring-beans-5.2.10.RELEASE.jar:5.2.10.RELEASE]
	at org.springframework.beans.factory.support.DefaultListableBeanFactory$DependencyObjectProvider.getIfUnique(DefaultListableBeanFactory.java:1969) ~[spring-beans-5.2.10.RELEASE.jar:5.2.10.RELEASE]
	at org.springframework.boot.autoconfigure.jdbc.DataSourceInitializerInvoker.getDataSourceInitializer(DataSourceInitializerInvoker.java:98) ~[spring-boot-autoconfigure-2.3.5.RELEASE.jar:2.3.5.RELEASE]
	at org.springframework.boot.autoconfigure.jdbc.DataSourceInitializerInvoker.afterPropertiesSet(DataSourceInitializerInvoker.java:61) ~[spring-boot-autoconfigure-2.3.5.RELEASE.jar:2.3.5.RELEASE]
	at org.springframework.beans.factory.support.AbstractAutowireCapableBeanFactory.invokeInitMethods(AbstractAutowireCapableBeanFactory.java:1853) ~[spring-beans-5.2.10.RELEASE.jar:5.2.10.RELEASE]
	at org.springframework.beans.factory.support.AbstractAutowireCapableBeanFactory.initializeBean(AbstractAutowireCapableBeanFactory.java:1790) ~[spring-beans-5.2.10.RELEASE.jar:5.2.10.RELEASE]
	at org.springframework.beans.factory.support.AbstractAutowireCapableBeanFactory.doCreateBean(AbstractAutowireCapableBeanFactory.java:594) ~[spring-beans-5.2.10.RELEASE.jar:5.2.10.RELEASE]
	at org.springframework.beans.factory.support.AbstractAutowireCapableBeanFactory.createBean(AbstractAutowireCapableBeanFactory.java:516) ~[spring-beans-5.2.10.RELEASE.jar:5.2.10.RELEASE]
	at org.springframework.beans.factory.support.AbstractBeanFactory.lambda$doGetBean$0(AbstractBeanFactory.java:324) ~[spring-beans-5.2.10.RELEASE.jar:5.2.10.RELEASE]
	at org.springframework.beans.factory.support.DefaultSingletonBeanRegistry.getSingleton(DefaultSingletonBeanRegistry.java:234) ~[spring-beans-5.2.10.RELEASE.jar:5.2.10.RELEASE]
	at org.springframework.beans.factory.support.AbstractBeanFactory.doGetBean(AbstractBeanFactory.java:322) ~[spring-beans-5.2.10.RELEASE.jar:5.2.10.RELEASE]
	at org.springframework.beans.factory.support.AbstractBeanFactory.getBean(AbstractBeanFactory.java:202) ~[spring-beans-5.2.10.RELEASE.jar:5.2.10.RELEASE]
	at org.springframework.cloud.autoconfigure.RefreshAutoConfiguration$JpaInvokerConfiguration.init(RefreshAutoConfiguration.java:120) ~[spring-cloud-context-2.1.3.RELEASE.jar:2.1.3.RELEASE]
	at sun.reflect.NativeMethodAccessorImpl.invoke0(Native Method) ~[?:1.8.0_341]
	at sun.reflect.NativeMethodAccessorImpl.invoke(NativeMethodAccessorImpl.java:62) ~[?:1.8.0_341]
	at sun.reflect.DelegatingMethodAccessorImpl.invoke(DelegatingMethodAccessorImpl.java:43) ~[?:1.8.0_341]
	at java.lang.reflect.Method.invoke(Method.java:498) ~[?:1.8.0_341]
	at org.springframework.beans.factory.annotation.InitDestroyAnnotationBeanPostProcessor$LifecycleElement.invoke(InitDestroyAnnotationBeanPostProcessor.java:389) ~[spring-beans-5.2.10.RELEASE.jar:5.2.10.RELEASE]
	at org.springframework.beans.factory.annotation.InitDestroyAnnotationBeanPostProcessor$LifecycleMetadata.invokeInitMethods(InitDestroyAnnotationBeanPostProcessor.java:333) ~[spring-beans-5.2.10.RELEASE.jar:5.2.10.RELEASE]
	at org.springframework.beans.factory.annotation.InitDestroyAnnotationBeanPostProcessor.postProcessBeforeInitialization(InitDestroyAnnotationBeanPostProcessor.java:157) ~[spring-beans-5.2.10.RELEASE.jar:5.2.10.RELEASE]
	at org.springframework.beans.factory.support.AbstractAutowireCapableBeanFactory.applyBeanPostProcessorsBeforeInitialization(AbstractAutowireCapableBeanFactory.java:415) ~[spring-beans-5.2.10.RELEASE.jar:5.2.10.RELEASE]
	at org.springframework.beans.factory.support.AbstractAutowireCapableBeanFactory.initializeBean(AbstractAutowireCapableBeanFactory.java:1786) ~[spring-beans-5.2.10.RELEASE.jar:5.2.10.RELEASE]
	at org.springframework.beans.factory.support.AbstractAutowireCapableBeanFactory.doCreateBean(AbstractAutowireCapableBeanFactory.java:594) ~[spring-beans-5.2.10.RELEASE.jar:5.2.10.RELEASE]
	at org.springframework.beans.factory.support.AbstractAutowireCapableBeanFactory.createBean(AbstractAutowireCapableBeanFactory.java:516) ~[spring-beans-5.2.10.RELEASE.jar:5.2.10.RELEASE]
	at org.springframework.beans.factory.support.AbstractBeanFactory.lambda$doGetBean$0(AbstractBeanFactory.java:324) ~[spring-beans-5.2.10.RELEASE.jar:5.2.10.RELEASE]
	at org.springframework.beans.factory.support.DefaultSingletonBeanRegistry.getSingleton(DefaultSingletonBeanRegistry.java:234) [spring-beans-5.2.10.RELEASE.jar:5.2.10.RELEASE]
	at org.springframework.beans.factory.support.AbstractBeanFactory.doGetBean(AbstractBeanFactory.java:322) [spring-beans-5.2.10.RELEASE.jar:5.2.10.RELEASE]
	at org.springframework.beans.factory.support.AbstractBeanFactory.getBean(AbstractBeanFactory.java:202) [spring-beans-5.2.10.RELEASE.jar:5.2.10.RELEASE]
	at org.springframework.context.support.AbstractApplicationContext.getBean(AbstractApplicationContext.java:1109) [spring-context-5.2.10.RELEASE.jar:5.2.10.RELEASE]
	at org.springframework.context.support.AbstractApplicationContext.finishBeanFactoryInitialization(AbstractApplicationContext.java:869) [spring-context-5.2.10.RELEASE.jar:5.2.10.RELEASE]
	at org.springframework.context.support.AbstractApplicationContext.refresh(AbstractApplicationContext.java:551) [spring-context-5.2.10.RELEASE.jar:5.2.10.RELEASE]
	at org.springframework.boot.web.servlet.context.ServletWebServerApplicationContext.refresh(ServletWebServerApplicationContext.java:143) [spring-boot-2.3.5.RELEASE.jar:2.3.5.RELEASE]
	at org.springframework.boot.SpringApplication.refresh(SpringApplication.java:758) [spring-boot-2.3.5.RELEASE.jar:2.3.5.RELEASE]
	at org.springframework.boot.SpringApplication.refresh(SpringApplication.java:750) [spring-boot-2.3.5.RELEASE.jar:2.3.5.RELEASE]
	at org.springframework.boot.SpringApplication.refreshContext(SpringApplication.java:405) [spring-boot-2.3.5.RELEASE.jar:2.3.5.RELEASE]
	at org.springframework.boot.SpringApplication.run(SpringApplication.java:315) [spring-boot-2.3.5.RELEASE.jar:2.3.5.RELEASE]
	at org.springframework.boot.SpringApplication.run(SpringApplication.java:1237) [spring-boot-2.3.5.RELEASE.jar:2.3.5.RELEASE]
	at org.springframework.boot.SpringApplication.run(SpringApplication.java:1226) [spring-boot-2.3.5.RELEASE.jar:2.3.5.RELEASE]
	at org.electric.StartElectricApplication.main(StartElectricApplication.java:20) [classes/:?]
	at sun.reflect.NativeMethodAccessorImpl.invoke0(Native Method) ~[?:1.8.0_341]
	at sun.reflect.NativeMethodAccessorImpl.invoke(NativeMethodAccessorImpl.java:62) ~[?:1.8.0_341]
	at sun.reflect.DelegatingMethodAccessorImpl.invoke(DelegatingMethodAccessorImpl.java:43) ~[?:1.8.0_341]
	at java.lang.reflect.Method.invoke(Method.java:498) ~[?:1.8.0_341]
	at org.springframework.boot.devtools.restart.RestartLauncher.run(RestartLauncher.java:49) [spring-boot-devtools-2.3.5.RELEASE.jar:2.3.5.RELEASE]
Caused by: com.mysql.cj.exceptions.CJException: Public Key Retrieval is not allowed
	at sun.reflect.NativeConstructorAccessorImpl.newInstance0(Native Method) ~[?:1.8.0_341]
	at sun.reflect.NativeConstructorAccessorImpl.newInstance(NativeConstructorAccessorImpl.java:62) ~[?:1.8.0_341]
	at sun.reflect.DelegatingConstructorAccessorImpl.newInstance(DelegatingConstructorAccessorImpl.java:45) ~[?:1.8.0_341]
	at java.lang.reflect.Constructor.newInstance(Constructor.java:423) ~[?:1.8.0_341]
	at com.mysql.cj.exceptions.ExceptionFactory.createException(ExceptionFactory.java:61) ~[mysql-connector-java-8.0.20.jar:8.0.20]
	at com.mysql.cj.exceptions.ExceptionFactory.createException(ExceptionFactory.java:105) ~[mysql-connector-java-8.0.20.jar:8.0.20]
	at com.mysql.cj.exceptions.ExceptionFactory.createException(ExceptionFactory.java:151) ~[mysql-connector-java-8.0.20.jar:8.0.20]
	at com.mysql.cj.exceptions.ExceptionFactory.createException(ExceptionFactory.java:124) ~[mysql-connector-java-8.0.20.jar:8.0.20]
	at com.mysql.cj.protocol.a.authentication.CachingSha2PasswordPlugin.nextAuthenticationStep(CachingSha2PasswordPlugin.java:151) ~[mysql-connector-java-8.0.20.jar:8.0.20]
	at com.mysql.cj.protocol.a.authentication.CachingSha2PasswordPlugin.nextAuthenticationStep(CachingSha2PasswordPlugin.java:49) ~[mysql-connector-java-8.0.20.jar:8.0.20]
	at com.mysql.cj.protocol.a.NativeAuthenticationProvider.proceedHandshakeWithPluggableAuthentication(NativeAuthenticationProvider.java:438) ~[mysql-connector-java-8.0.20.jar:8.0.20]
	at com.mysql.cj.protocol.a.NativeAuthenticationProvider.connect(NativeAuthenticationProvider.java:171) ~[mysql-connector-java-8.0.20.jar:8.0.20]
	at com.mysql.cj.protocol.a.NativeProtocol.connect(NativeProtocol.java:1342) ~[mysql-connector-java-8.0.20.jar:8.0.20]
	at com.mysql.cj.NativeSession.connect(NativeSession.java:157) ~[mysql-connector-java-8.0.20.jar:8.0.20]
	at com.mysql.cj.jdbc.ConnectionImpl.connectWithRetries(ConnectionImpl.java:850) ~[mysql-connector-java-8.0.20.jar:8.0.20]
	... 71 more
Caused by: com.mysql.cj.exceptions.UnableToConnectException: Public Key Retrieval is not allowed
	at sun.reflect.NativeConstructorAccessorImpl.newInstance0(Native Method) ~[?:1.8.0_341]
	at sun.reflect.NativeConstructorAccessorImpl.newInstance(NativeConstructorAccessorImpl.java:62) ~[?:1.8.0_341]
	at sun.reflect.DelegatingConstructorAccessorImpl.newInstance(DelegatingConstructorAccessorImpl.java:45) ~[?:1.8.0_341]
	at java.lang.reflect.Constructor.newInstance(Constructor.java:423) ~[?:1.8.0_341]
	at com.mysql.cj.exceptions.ExceptionFactory.createException(ExceptionFactory.java:61) ~[mysql-connector-java-8.0.20.jar:8.0.20]
	at com.mysql.cj.exceptions.ExceptionFactory.createException(ExceptionFactory.java:85) ~[mysql-connector-java-8.0.20.jar:8.0.20]
	at com.mysql.cj.protocol.a.authentication.CachingSha2PasswordPlugin.nextAuthenticationStep(CachingSha2PasswordPlugin.java:128) ~[mysql-connector-java-8.0.20.jar:8.0.20]
	at com.mysql.cj.protocol.a.authentication.CachingSha2PasswordPlugin.nextAuthenticationStep(CachingSha2PasswordPlugin.java:49) ~[mysql-connector-java-8.0.20.jar:8.0.20]
	at com.mysql.cj.protocol.a.NativeAuthenticationProvider.proceedHandshakeWithPluggableAuthentication(NativeAuthenticationProvider.java:438) ~[mysql-connector-java-8.0.20.jar:8.0.20]
	at com.mysql.cj.protocol.a.NativeAuthenticationProvider.connect(NativeAuthenticationProvider.java:171) ~[mysql-connector-java-8.0.20.jar:8.0.20]
	at com.mysql.cj.protocol.a.NativeProtocol.connect(NativeProtocol.java:1342) ~[mysql-connector-java-8.0.20.jar:8.0.20]
	at com.mysql.cj.NativeSession.connect(NativeSession.java:157) ~[mysql-connector-java-8.0.20.jar:8.0.20]
	at com.mysql.cj.jdbc.ConnectionImpl.connectWithRetries(ConnectionImpl.java:850) ~[mysql-connector-java-8.0.20.jar:8.0.20]
	... 71 more
2022-10-12 11:30:01.787 [1;31mERROR[m [restartedMain] [1;31mc.a.d.p.DruidDataSource.error(53)[m: {dataSource-1} init error
java.sql.SQLNonTransientConnectionException: Could not create connection to database server. Attempted reconnect 3 times. Giving up.
	at com.mysql.cj.jdbc.exceptions.SQLError.createSQLException(SQLError.java:110) ~[mysql-connector-java-8.0.20.jar:8.0.20]
	at com.mysql.cj.jdbc.exceptions.SQLError.createSQLException(SQLError.java:97) ~[mysql-connector-java-8.0.20.jar:8.0.20]
	at com.mysql.cj.jdbc.exceptions.SQLError.createSQLException(SQLError.java:89) ~[mysql-connector-java-8.0.20.jar:8.0.20]
	at com.mysql.cj.jdbc.exceptions.SQLError.createSQLException(SQLError.java:63) ~[mysql-connector-java-8.0.20.jar:8.0.20]
	at com.mysql.cj.jdbc.exceptions.SQLError.createSQLException(SQLError.java:73) ~[mysql-connector-java-8.0.20.jar:8.0.20]
	at com.mysql.cj.jdbc.ConnectionImpl.connectWithRetries(ConnectionImpl.java:906) ~[mysql-connector-java-8.0.20.jar:8.0.20]
	at com.mysql.cj.jdbc.ConnectionImpl.createNewIO(ConnectionImpl.java:831) ~[mysql-connector-java-8.0.20.jar:8.0.20]
	at com.mysql.cj.jdbc.ConnectionImpl.<init>(ConnectionImpl.java:456) ~[mysql-connector-java-8.0.20.jar:8.0.20]
	at com.mysql.cj.jdbc.ConnectionImpl.getInstance(ConnectionImpl.java:246) ~[mysql-connector-java-8.0.20.jar:8.0.20]
	at com.mysql.cj.jdbc.NonRegisteringDriver.connect(NonRegisteringDriver.java:197) ~[mysql-connector-java-8.0.20.jar:8.0.20]
	at com.alibaba.druid.filter.FilterChainImpl.connection_connect(FilterChainImpl.java:156) ~[druid-1.1.22.jar:1.1.22]
	at com.alibaba.druid.filter.stat.StatFilter.connection_connect(StatFilter.java:218) ~[druid-1.1.22.jar:1.1.22]
	at com.alibaba.druid.filter.FilterChainImpl.connection_connect(FilterChainImpl.java:150) ~[druid-1.1.22.jar:1.1.22]
	at com.alibaba.druid.filter.FilterAdapter.connection_connect(FilterAdapter.java:787) ~[druid-1.1.22.jar:1.1.22]
	at com.alibaba.druid.filter.FilterEventAdapter.connection_connect(FilterEventAdapter.java:38) ~[druid-1.1.22.jar:1.1.22]
	at com.alibaba.druid.filter.FilterChainImpl.connection_connect(FilterChainImpl.java:150) ~[druid-1.1.22.jar:1.1.22]
	at com.alibaba.druid.pool.DruidAbstractDataSource.createPhysicalConnection(DruidAbstractDataSource.java:1646) ~[druid-1.1.22.jar:1.1.22]
	at com.alibaba.druid.pool.DruidAbstractDataSource.createPhysicalConnection(DruidAbstractDataSource.java:1710) ~[druid-1.1.22.jar:1.1.22]
	at com.alibaba.druid.pool.DruidDataSource.init(DruidDataSource.java:923) ~[druid-1.1.22.jar:1.1.22]
	at sun.reflect.NativeMethodAccessorImpl.invoke0(Native Method) ~[?:1.8.0_341]
	at sun.reflect.NativeMethodAccessorImpl.invoke(NativeMethodAccessorImpl.java:62) ~[?:1.8.0_341]
	at sun.reflect.DelegatingMethodAccessorImpl.invoke(DelegatingMethodAccessorImpl.java:43) ~[?:1.8.0_341]
	at java.lang.reflect.Method.invoke(Method.java:498) ~[?:1.8.0_341]
	at org.springframework.beans.factory.support.AbstractAutowireCapableBeanFactory.invokeCustomInitMethod(AbstractAutowireCapableBeanFactory.java:1920) ~[spring-beans-5.2.10.RELEASE.jar:5.2.10.RELEASE]
	at org.springframework.beans.factory.support.AbstractAutowireCapableBeanFactory.invokeInitMethods(AbstractAutowireCapableBeanFactory.java:1862) ~[spring-beans-5.2.10.RELEASE.jar:5.2.10.RELEASE]
	at org.springframework.beans.factory.support.AbstractAutowireCapableBeanFactory.initializeBean(AbstractAutowireCapableBeanFactory.java:1790) ~[spring-beans-5.2.10.RELEASE.jar:5.2.10.RELEASE]
	at org.springframework.beans.factory.support.AbstractAutowireCapableBeanFactory.doCreateBean(AbstractAutowireCapableBeanFactory.java:594) ~[spring-beans-5.2.10.RELEASE.jar:5.2.10.RELEASE]
	at org.springframework.beans.factory.support.AbstractAutowireCapableBeanFactory.createBean(AbstractAutowireCapableBeanFactory.java:516) ~[spring-beans-5.2.10.RELEASE.jar:5.2.10.RELEASE]
	at org.springframework.beans.factory.support.AbstractBeanFactory.lambda$doGetBean$0(AbstractBeanFactory.java:324) ~[spring-beans-5.2.10.RELEASE.jar:5.2.10.RELEASE]
	at org.springframework.beans.factory.support.DefaultSingletonBeanRegistry.getSingleton(DefaultSingletonBeanRegistry.java:234) ~[spring-beans-5.2.10.RELEASE.jar:5.2.10.RELEASE]
	at org.springframework.beans.factory.support.AbstractBeanFactory.doGetBean(AbstractBeanFactory.java:322) ~[spring-beans-5.2.10.RELEASE.jar:5.2.10.RELEASE]
	at org.springframework.beans.factory.support.AbstractBeanFactory.getBean(AbstractBeanFactory.java:202) ~[spring-beans-5.2.10.RELEASE.jar:5.2.10.RELEASE]
	at org.springframework.beans.factory.config.DependencyDescriptor.resolveCandidate(DependencyDescriptor.java:276) ~[spring-beans-5.2.10.RELEASE.jar:5.2.10.RELEASE]
	at org.springframework.beans.factory.support.DefaultListableBeanFactory.doResolveDependency(DefaultListableBeanFactory.java:1307) ~[spring-beans-5.2.10.RELEASE.jar:5.2.10.RELEASE]
	at org.springframework.beans.factory.support.DefaultListableBeanFactory$DependencyObjectProvider.getIfUnique(DefaultListableBeanFactory.java:1969) ~[spring-beans-5.2.10.RELEASE.jar:5.2.10.RELEASE]
	at org.springframework.boot.autoconfigure.jdbc.DataSourceInitializerInvoker.getDataSourceInitializer(DataSourceInitializerInvoker.java:98) ~[spring-boot-autoconfigure-2.3.5.RELEASE.jar:2.3.5.RELEASE]
	at org.springframework.boot.autoconfigure.jdbc.DataSourceInitializerInvoker.afterPropertiesSet(DataSourceInitializerInvoker.java:61) ~[spring-boot-autoconfigure-2.3.5.RELEASE.jar:2.3.5.RELEASE]
	at org.springframework.beans.factory.support.AbstractAutowireCapableBeanFactory.invokeInitMethods(AbstractAutowireCapableBeanFactory.java:1853) ~[spring-beans-5.2.10.RELEASE.jar:5.2.10.RELEASE]
	at org.springframework.beans.factory.support.AbstractAutowireCapableBeanFactory.initializeBean(AbstractAutowireCapableBeanFactory.java:1790) ~[spring-beans-5.2.10.RELEASE.jar:5.2.10.RELEASE]
	at org.springframework.beans.factory.support.AbstractAutowireCapableBeanFactory.doCreateBean(AbstractAutowireCapableBeanFactory.java:594) ~[spring-beans-5.2.10.RELEASE.jar:5.2.10.RELEASE]
	at org.springframework.beans.factory.support.AbstractAutowireCapableBeanFactory.createBean(AbstractAutowireCapableBeanFactory.java:516) ~[spring-beans-5.2.10.RELEASE.jar:5.2.10.RELEASE]
	at org.springframework.beans.factory.support.AbstractBeanFactory.lambda$doGetBean$0(AbstractBeanFactory.java:324) ~[spring-beans-5.2.10.RELEASE.jar:5.2.10.RELEASE]
	at org.springframework.beans.factory.support.DefaultSingletonBeanRegistry.getSingleton(DefaultSingletonBeanRegistry.java:234) ~[spring-beans-5.2.10.RELEASE.jar:5.2.10.RELEASE]
	at org.springframework.beans.factory.support.AbstractBeanFactory.doGetBean(AbstractBeanFactory.java:322) ~[spring-beans-5.2.10.RELEASE.jar:5.2.10.RELEASE]
	at org.springframework.beans.factory.support.AbstractBeanFactory.getBean(AbstractBeanFactory.java:202) ~[spring-beans-5.2.10.RELEASE.jar:5.2.10.RELEASE]
	at org.springframework.cloud.autoconfigure.RefreshAutoConfiguration$JpaInvokerConfiguration.init(RefreshAutoConfiguration.java:120) ~[spring-cloud-context-2.1.3.RELEASE.jar:2.1.3.RELEASE]
	at sun.reflect.NativeMethodAccessorImpl.invoke0(Native Method) ~[?:1.8.0_341]
	at sun.reflect.NativeMethodAccessorImpl.invoke(NativeMethodAccessorImpl.java:62) ~[?:1.8.0_341]
	at sun.reflect.DelegatingMethodAccessorImpl.invoke(DelegatingMethodAccessorImpl.java:43) ~[?:1.8.0_341]
	at java.lang.reflect.Method.invoke(Method.java:498) ~[?:1.8.0_341]
	at org.springframework.beans.factory.annotation.InitDestroyAnnotationBeanPostProcessor$LifecycleElement.invoke(InitDestroyAnnotationBeanPostProcessor.java:389) ~[spring-beans-5.2.10.RELEASE.jar:5.2.10.RELEASE]
	at org.springframework.beans.factory.annotation.InitDestroyAnnotationBeanPostProcessor$LifecycleMetadata.invokeInitMethods(InitDestroyAnnotationBeanPostProcessor.java:333) ~[spring-beans-5.2.10.RELEASE.jar:5.2.10.RELEASE]
	at org.springframework.beans.factory.annotation.InitDestroyAnnotationBeanPostProcessor.postProcessBeforeInitialization(InitDestroyAnnotationBeanPostProcessor.java:157) ~[spring-beans-5.2.10.RELEASE.jar:5.2.10.RELEASE]
	at org.springframework.beans.factory.support.AbstractAutowireCapableBeanFactory.applyBeanPostProcessorsBeforeInitialization(AbstractAutowireCapableBeanFactory.java:415) ~[spring-beans-5.2.10.RELEASE.jar:5.2.10.RELEASE]
	at org.springframework.beans.factory.support.AbstractAutowireCapableBeanFactory.initializeBean(AbstractAutowireCapableBeanFactory.java:1786) ~[spring-beans-5.2.10.RELEASE.jar:5.2.10.RELEASE]
	at org.springframework.beans.factory.support.AbstractAutowireCapableBeanFactory.doCreateBean(AbstractAutowireCapableBeanFactory.java:594) ~[spring-beans-5.2.10.RELEASE.jar:5.2.10.RELEASE]
	at org.springframework.beans.factory.support.AbstractAutowireCapableBeanFactory.createBean(AbstractAutowireCapableBeanFactory.java:516) ~[spring-beans-5.2.10.RELEASE.jar:5.2.10.RELEASE]
	at org.springframework.beans.factory.support.AbstractBeanFactory.lambda$doGetBean$0(AbstractBeanFactory.java:324) ~[spring-beans-5.2.10.RELEASE.jar:5.2.10.RELEASE]
	at org.springframework.beans.factory.support.DefaultSingletonBeanRegistry.getSingleton(DefaultSingletonBeanRegistry.java:234) [spring-beans-5.2.10.RELEASE.jar:5.2.10.RELEASE]
	at org.springframework.beans.factory.support.AbstractBeanFactory.doGetBean(AbstractBeanFactory.java:322) [spring-beans-5.2.10.RELEASE.jar:5.2.10.RELEASE]
	at org.springframework.beans.factory.support.AbstractBeanFactory.getBean(AbstractBeanFactory.java:202) [spring-beans-5.2.10.RELEASE.jar:5.2.10.RELEASE]
	at org.springframework.context.support.AbstractApplicationContext.getBean(AbstractApplicationContext.java:1109) [spring-context-5.2.10.RELEASE.jar:5.2.10.RELEASE]
	at org.springframework.context.support.AbstractApplicationContext.finishBeanFactoryInitialization(AbstractApplicationContext.java:869) [spring-context-5.2.10.RELEASE.jar:5.2.10.RELEASE]
	at org.springframework.context.support.AbstractApplicationContext.refresh(AbstractApplicationContext.java:551) [spring-context-5.2.10.RELEASE.jar:5.2.10.RELEASE]
	at org.springframework.boot.web.servlet.context.ServletWebServerApplicationContext.refresh(ServletWebServerApplicationContext.java:143) [spring-boot-2.3.5.RELEASE.jar:2.3.5.RELEASE]
	at org.springframework.boot.SpringApplication.refresh(SpringApplication.java:758) [spring-boot-2.3.5.RELEASE.jar:2.3.5.RELEASE]
	at org.springframework.boot.SpringApplication.refresh(SpringApplication.java:750) [spring-boot-2.3.5.RELEASE.jar:2.3.5.RELEASE]
	at org.springframework.boot.SpringApplication.refreshContext(SpringApplication.java:405) [spring-boot-2.3.5.RELEASE.jar:2.3.5.RELEASE]
	at org.springframework.boot.SpringApplication.run(SpringApplication.java:315) [spring-boot-2.3.5.RELEASE.jar:2.3.5.RELEASE]
	at org.springframework.boot.SpringApplication.run(SpringApplication.java:1237) [spring-boot-2.3.5.RELEASE.jar:2.3.5.RELEASE]
	at org.springframework.boot.SpringApplication.run(SpringApplication.java:1226) [spring-boot-2.3.5.RELEASE.jar:2.3.5.RELEASE]
	at org.electric.StartElectricApplication.main(StartElectricApplication.java:20) [classes/:?]
	at sun.reflect.NativeMethodAccessorImpl.invoke0(Native Method) ~[?:1.8.0_341]
	at sun.reflect.NativeMethodAccessorImpl.invoke(NativeMethodAccessorImpl.java:62) ~[?:1.8.0_341]
	at sun.reflect.DelegatingMethodAccessorImpl.invoke(DelegatingMethodAccessorImpl.java:43) ~[?:1.8.0_341]
	at java.lang.reflect.Method.invoke(Method.java:498) ~[?:1.8.0_341]
	at org.springframework.boot.devtools.restart.RestartLauncher.run(RestartLauncher.java:49) [spring-boot-devtools-2.3.5.RELEASE.jar:2.3.5.RELEASE]
Caused by: com.mysql.cj.exceptions.CJException: Public Key Retrieval is not allowed
	at sun.reflect.NativeConstructorAccessorImpl.newInstance0(Native Method) ~[?:1.8.0_341]
	at sun.reflect.NativeConstructorAccessorImpl.newInstance(NativeConstructorAccessorImpl.java:62) ~[?:1.8.0_341]
	at sun.reflect.DelegatingConstructorAccessorImpl.newInstance(DelegatingConstructorAccessorImpl.java:45) ~[?:1.8.0_341]
	at java.lang.reflect.Constructor.newInstance(Constructor.java:423) ~[?:1.8.0_341]
	at com.mysql.cj.exceptions.ExceptionFactory.createException(ExceptionFactory.java:61) ~[mysql-connector-java-8.0.20.jar:8.0.20]
	at com.mysql.cj.exceptions.ExceptionFactory.createException(ExceptionFactory.java:105) ~[mysql-connector-java-8.0.20.jar:8.0.20]
	at com.mysql.cj.exceptions.ExceptionFactory.createException(ExceptionFactory.java:151) ~[mysql-connector-java-8.0.20.jar:8.0.20]
	at com.mysql.cj.exceptions.ExceptionFactory.createException(ExceptionFactory.java:124) ~[mysql-connector-java-8.0.20.jar:8.0.20]
	at com.mysql.cj.protocol.a.authentication.CachingSha2PasswordPlugin.nextAuthenticationStep(CachingSha2PasswordPlugin.java:151) ~[mysql-connector-java-8.0.20.jar:8.0.20]
	at com.mysql.cj.protocol.a.authentication.CachingSha2PasswordPlugin.nextAuthenticationStep(CachingSha2PasswordPlugin.java:49) ~[mysql-connector-java-8.0.20.jar:8.0.20]
	at com.mysql.cj.protocol.a.NativeAuthenticationProvider.proceedHandshakeWithPluggableAuthentication(NativeAuthenticationProvider.java:438) ~[mysql-connector-java-8.0.20.jar:8.0.20]
	at com.mysql.cj.protocol.a.NativeAuthenticationProvider.connect(NativeAuthenticationProvider.java:171) ~[mysql-connector-java-8.0.20.jar:8.0.20]
	at com.mysql.cj.protocol.a.NativeProtocol.connect(NativeProtocol.java:1342) ~[mysql-connector-java-8.0.20.jar:8.0.20]
	at com.mysql.cj.NativeSession.connect(NativeSession.java:157) ~[mysql-connector-java-8.0.20.jar:8.0.20]
	at com.mysql.cj.jdbc.ConnectionImpl.connectWithRetries(ConnectionImpl.java:850) ~[mysql-connector-java-8.0.20.jar:8.0.20]
	... 71 more
Caused by: com.mysql.cj.exceptions.UnableToConnectException: Public Key Retrieval is not allowed
	at sun.reflect.NativeConstructorAccessorImpl.newInstance0(Native Method) ~[?:1.8.0_341]
	at sun.reflect.NativeConstructorAccessorImpl.newInstance(NativeConstructorAccessorImpl.java:62) ~[?:1.8.0_341]
	at sun.reflect.DelegatingConstructorAccessorImpl.newInstance(DelegatingConstructorAccessorImpl.java:45) ~[?:1.8.0_341]
	at java.lang.reflect.Constructor.newInstance(Constructor.java:423) ~[?:1.8.0_341]
	at com.mysql.cj.exceptions.ExceptionFactory.createException(ExceptionFactory.java:61) ~[mysql-connector-java-8.0.20.jar:8.0.20]
	at com.mysql.cj.exceptions.ExceptionFactory.createException(ExceptionFactory.java:85) ~[mysql-connector-java-8.0.20.jar:8.0.20]
	at com.mysql.cj.protocol.a.authentication.CachingSha2PasswordPlugin.nextAuthenticationStep(CachingSha2PasswordPlugin.java:128) ~[mysql-connector-java-8.0.20.jar:8.0.20]
	at com.mysql.cj.protocol.a.authentication.CachingSha2PasswordPlugin.nextAuthenticationStep(CachingSha2PasswordPlugin.java:49) ~[mysql-connector-java-8.0.20.jar:8.0.20]
	at com.mysql.cj.protocol.a.NativeAuthenticationProvider.proceedHandshakeWithPluggableAuthentication(NativeAuthenticationProvider.java:438) ~[mysql-connector-java-8.0.20.jar:8.0.20]
	at com.mysql.cj.protocol.a.NativeAuthenticationProvider.connect(NativeAuthenticationProvider.java:171) ~[mysql-connector-java-8.0.20.jar:8.0.20]
	at com.mysql.cj.protocol.a.NativeProtocol.connect(NativeProtocol.java:1342) ~[mysql-connector-java-8.0.20.jar:8.0.20]
	at com.mysql.cj.NativeSession.connect(NativeSession.java:157) ~[mysql-connector-java-8.0.20.jar:8.0.20]
	at com.mysql.cj.jdbc.ConnectionImpl.connectWithRetries(ConnectionImpl.java:850) ~[mysql-connector-java-8.0.20.jar:8.0.20]
	... 71 more
2022-10-12 11:30:01.789 [32mINFO [m [restartedMain] [32mc.a.d.p.DruidDataSource.info(106)[m: {dataSource-1} inited
2022-10-12 11:33:25.422 [32mINFO [m [restartedMain] [32mo.e.StartElectricApplication.logStartupProfileInfo(651)[m: No active profile set, falling back to default profiles: default
2022-10-12 11:33:27.538 [32mINFO [m [restartedMain] [32mc.a.d.p.DruidDataSource.info(106)[m: {dataSource-1} inited
2022-10-12 11:33:27.645 [32mINFO [m [task-1] [32mo.h.Version.logVersion(44)[m: HHH000412: Hibernate ORM core version 5.4.22.Final
2022-10-12 11:33:27.718 [32mINFO [m [task-1] [32mo.h.a.c.Version.<clinit>(49)[m: HCANN000001: Hibernate Commons Annotations {5.1.0.Final}
2022-10-12 11:33:27.860 [32mINFO [m [task-1] [32mo.h.d.Dialect.<init>(170)[m: HHH000400: Using dialect: org.hibernate.dialect.MySQL8Dialect
2022-10-12 11:33:27.998 [33mWARN [m [task-1] [33mo.h.i.UUIDHexGenerator.<init>(42)[m: HHH000409: Using org.hibernate.id.UUIDHexGenerator which does not generate IETF RFC 4122 compliant UUID values; consider using org.hibernate.id.UUIDGenerator instead
2022-10-12 11:33:28.293 [32mINFO [m [task-1] [32mo.h.e.t.j.p.i.JtaPlatformInitiator.initiateService(52)[m: HHH000490: Using JtaPlatform implementation: [org.hibernate.engine.transaction.jta.platform.internal.NoJtaPlatform]
2022-10-12 11:33:29.558 [32mINFO [m [restartedMain] [32mo.e.StartElectricApplication.logStarted(61)[m: Started StartElectricApplication in 5.09 seconds (JVM running for 6.13)
2022-10-12 11:33:37.333 [32mINFO [m [http-nio-82-exec-1] [32mo.e.u.Result.<init>(31)[m: Result:[code:200]  [data:{"current":1,"hitCount":false,"optimizeCountSql":true,"orders":[],"pages":1,"records":[{"age":"","createTime":"2021-12-26 20:54:29","head":"","id":"cea237ba3d9f79544c7635a7ef455e2a","password":"11","realName":"11","sex":"male","tel":"00","username":"11"},{"age":"","createTime":"2021-12-14 16:17:38","head":"","id":"d9bebf20218e48f050093c5566df3501","password":"Fy1209.1128","realName":"Yue Fang","sex":"male","tel":"15886046568","username":"similar"},{"age":"20","createTime":"2021-05-02 18:12:18","id":"8eed0f3eaf50eed9485b04b471999d30","password":"123456","realName":"Yansheng Fu","sex":"male","tel":"13894437805","username":"stephencurry"},{"age":"","createTime":"2021-04-18 22:49:42","head":"","id":"66195b8728e235ff79c3d8b48005a603","password":"wfsy1234","realName":"Jianhui Yang","sex":"female","tel":"17860971012","username":"yjh"},{"age":"","createTime":"2021-03-12 02:11:31","head":"","id":"d85f6d84ac4af4aff61619694e70089e","password":"wzy789.","realName":"Ziwen Wang","sex":"female","tel":"13036354877","username":"ceshi"}],"searchCount":true,"size":100,"total":5}]
2022-10-12 11:43:12.382 [32mINFO [m [SpringContextShutdownHook] [32mc.a.d.p.DruidDataSource.info(106)[m: {dataSource-1} closing ...
2022-10-12 11:43:12.383 [32mINFO [m [SpringContextShutdownHook] [32mc.a.d.p.DruidDataSource.info(106)[m: {dataSource-1} closed
2022-10-12 11:43:17.783 [32mINFO [m [restartedMain] [32mo.e.StartElectricApplication.logStartupProfileInfo(651)[m: No active profile set, falling back to default profiles: default
2022-10-12 11:43:20.157 [32mINFO [m [restartedMain] [32mc.a.d.p.DruidDataSource.info(106)[m: {dataSource-1} inited
2022-10-12 11:43:20.259 [32mINFO [m [task-1] [32mo.h.Version.logVersion(44)[m: HHH000412: Hibernate ORM core version 5.4.22.Final
2022-10-12 11:43:20.334 [32mINFO [m [task-1] [32mo.h.a.c.Version.<clinit>(49)[m: HCANN000001: Hibernate Commons Annotations {5.1.0.Final}
2022-10-12 11:43:20.521 [32mINFO [m [task-1] [32mo.h.d.Dialect.<init>(170)[m: HHH000400: Using dialect: org.hibernate.dialect.MySQL8Dialect
2022-10-12 11:43:20.686 [33mWARN [m [task-1] [33mo.h.i.UUIDHexGenerator.<init>(42)[m: HHH000409: Using org.hibernate.id.UUIDHexGenerator which does not generate IETF RFC 4122 compliant UUID values; consider using org.hibernate.id.UUIDGenerator instead
2022-10-12 11:43:21.051 [32mINFO [m [task-1] [32mo.h.e.t.j.p.i.JtaPlatformInitiator.initiateService(52)[m: HHH000490: Using JtaPlatform implementation: [org.hibernate.engine.transaction.jta.platform.internal.NoJtaPlatform]
2022-10-12 11:43:23.060 [32mINFO [m [restartedMain] [32mo.e.StartElectricApplication.logStarted(61)[m: Started StartElectricApplication in 6.186 seconds (JVM running for 7.358)
2022-10-12 11:53:44.864 [32mINFO [m [SpringContextShutdownHook] [32mc.a.d.p.DruidDataSource.info(106)[m: {dataSource-1} closing ...
2022-10-12 11:53:44.865 [32mINFO [m [SpringContextShutdownHook] [32mc.a.d.p.DruidDataSource.info(106)[m: {dataSource-1} closed
2022-10-12 14:11:52.237 [32mINFO [m [restartedMain] [32mo.e.StartElectricApplication.logStartupProfileInfo(651)[m: No active profile set, falling back to default profiles: default
2022-10-12 14:11:54.403 [32mINFO [m [restartedMain] [32mc.a.d.p.DruidDataSource.info(106)[m: {dataSource-1} inited
2022-10-12 14:11:54.518 [32mINFO [m [task-1] [32mo.h.Version.logVersion(44)[m: HHH000412: Hibernate ORM core version 5.4.22.Final
2022-10-12 14:11:54.592 [32mINFO [m [task-1] [32mo.h.a.c.Version.<clinit>(49)[m: HCANN000001: Hibernate Commons Annotations {5.1.0.Final}
2022-10-12 14:11:54.736 [32mINFO [m [task-1] [32mo.h.d.Dialect.<init>(170)[m: HHH000400: Using dialect: org.hibernate.dialect.MySQL8Dialect
2022-10-12 14:11:54.865 [33mWARN [m [task-1] [33mo.h.i.UUIDHexGenerator.<init>(42)[m: HHH000409: Using org.hibernate.id.UUIDHexGenerator which does not generate IETF RFC 4122 compliant UUID values; consider using org.hibernate.id.UUIDGenerator instead
2022-10-12 14:11:55.162 [32mINFO [m [task-1] [32mo.h.e.t.j.p.i.JtaPlatformInitiator.initiateService(52)[m: HHH000490: Using JtaPlatform implementation: [org.hibernate.engine.transaction.jta.platform.internal.NoJtaPlatform]
2022-10-12 14:11:56.346 [32mINFO [m [restartedMain] [32mo.e.StartElectricApplication.logStarted(61)[m: Started StartElectricApplication in 5.029 seconds (JVM running for 5.986)
2022-10-12 14:12:37.788 [32mINFO [m [http-nio-82-exec-8] [32mo.e.u.Result.<init>(31)[m: Result:[code:200]  [data:{"current":1,"hitCount":false,"optimizeCountSql":true,"orders":[],"pages":1,"records":[{"identifier":"00008","types":"1","qrcode":"ee9b5fc0c7424f52b58fc7980c465df4.jpg","his_location":"m","real_name":"Jianhui Yang","make_date":"2021-05-11","person_in_charge":"66195b8728e235ff79c3d8b48005a603","picture":"ee9b5fc0c7424f52b58fc7980c465df4.jpg","price":"500","name":"ttt","id":"ee9b5fc0c7424f52b58fc7980c465df4","state":"4","brand":"u","use_date":"2"},{"identifier":"000055","types":"电表","qrcode":"bb907bb057f9459bba2b4b33c63ddeab.jpg","his_location":"c区域","real_name":"Ziwen Wang","make_date":"2021-05-11","person_in_charge":"d85f6d84ac4af4aff61619694e70089e","picture":"bb907bb057f9459bba2b4b33c63ddeab.jpg","price":"500","name":"电表甲","id":"bb907bb057f9459bba2b4b33c63ddeab","state":"1","brand":"aaa","use_date":"50"},{"identifier":"123","types":"12223","qrcode":"9cdc512aebfe4fe8a6eb38e5196cdcf3.jpg","his_location":"c","real_name":"Jianhui Yang","make_date":"2021-05-06 00:00:00","person_in_charge":"66195b8728e235ff79c3d8b48005a603","picture":"9cdc512aebfe4fe8a6eb38e5196cdcf3.jpg","price":"12223","name":"test","id":"9cdc512aebfe4fe8a6eb38e5196cdcf3","state":"1","brand":"sdf","use_date":"12"},{"identifier":"3432","types":"www","qrcode":"8e0c48197c5d44dbb53549ade87585d5.jpg","his_location":"321","real_name":"Jianhui Yang","make_date":"2021-05-18","person_in_charge":"66195b8728e235ff79c3d8b48005a603","picture":"8e0c48197c5d44dbb53549ade87585d5.jpg","price":"333","name":"32","id":"8e0c48197c5d44dbb53549ade87585d5","state":"1","brand":"123","use_date":"232"},{"identifier":"00006","types":"1","qrcode":"7a74614e36344804a6f6f14d65116285.jpg","his_location":"5","real_name":"Jianhui Yang","make_date":"2021-04-20","person_in_charge":"66195b8728e235ff79c3d8b48005a603","picture":"7a74614e36344804a6f6f14d65116285.jpg","price":"5000","name":"5","id":"7a74614e36344804a6f6f14d65116285","state":"4","brand":"5","use_date":"5"},{"identifier":"123","types":"12223","qrcode":"5888d304857440119de31c6473d1d557.jpg","his_location":"c","real_name":"Jianhui Yang","make_date":"2021-05-06 00:00:00","person_in_charge":"66195b8728e235ff79c3d8b48005a603","picture":"5888d304857440119de31c6473d1d557.jpg","price":"12223","name":"test","id":"5888d304857440119de31c6473d1d557","state":"1","brand":"sdf","use_date":"12"},{"identifier":"00003","types":"jjjj","qrcode":"35564c56e16f43fbafd5ce3b30448dae.jpg","his_location":"l","real_name":"Ziwen Wang","make_date":"2021-04-04","person_in_charge":"d85f6d84ac4af4aff61619694e70089e","picture":"35564c56e16f43fbafd5ce3b30448dae.jpg","price":"200","name":"050505","id":"35564c56e16f43fbafd5ce3b30448dae","state":"1","brand":"55","use_date":"50"},{"identifier":"00001","types":"类型一","qrcode":"21774d278c1a43519050b96d9d2bc2d9.jpg","his_location":"c区","real_name":"Jianhui Yang","make_date":"2021-04-19","person_in_charge":"66195b8728e235ff79c3d8b48005a603","picture":"21774d278c1a43519050b96d9d2bc2d9.jpg","price":"20000","name":"test1","id":"21774d278c1a43519050b96d9d2bc2d9","state":"2","brand":"111","use_date":"111"},{"identifier":"456","types":"12223","qrcode":"2028ba4b56c549b0a03bc3afbb07b099.jpg","his_location":"a","real_name":"Jianhui Yang","make_date":"2021-05-06 00:00:00","person_in_charge":"66195b8728e235ff79c3d8b48005a603","picture":"2028ba4b56c549b0a03bc3afbb07b099.jpg","price":"12223","name":"test2","id":"2028ba4b56c549b0a03bc3afbb07b099","state":"1","brand":"sdf","use_date":"12"},{"identifier":"123","types":"12223","qrcode":"104718bdeaa641f3ab5c3f3460b2c760.jpg","his_location":"c","real_name":"Jianhui Yang","make_date":"2021-05-06 00:00:00","person_in_charge":"66195b8728e235ff79c3d8b48005a603","price":"12223","name":"test","id":"104718bdeaa641f3ab5c3f3460b2c760","state":"1","brand":"sdf","use_date":"12"},{"identifier":"5","types":"00007","qrcode":"0c8b98ee4e424d35922fab043e4bea63.jpg","his_location":"2","real_name":"Jianhui Yang","make_date":"2021-05-04","person_in_charge":"66195b8728e235ff79c3d8b48005a603","picture":"0c8b98ee4e424d35922fab043e4bea63.jpg","price":"222","name":"222","id":"0c8b98ee4e424d35922fab043e4bea63","state":"1","brand":"222","use_date":"22"}],"searchCount":true,"size":100,"total":11}]
2022-10-12 14:12:37.799 [32mINFO [m [http-nio-82-exec-9] [32mo.e.u.Result.<init>(31)[m: Result:[code:200]  [data:{"current":1,"hitCount":false,"optimizeCountSql":true,"orders":[],"pages":1,"records":[{"age":"","createTime":"2021-12-26 20:54:29","head":"","id":"cea237ba3d9f79544c7635a7ef455e2a","password":"11","realName":"11","sex":"male","tel":"00","username":"11"},{"age":"","createTime":"2021-12-14 16:17:38","head":"","id":"d9bebf20218e48f050093c5566df3501","password":"Fy1209.1128","realName":"Yue Fang","sex":"male","tel":"15886046568","username":"similar"},{"age":"20","createTime":"2021-05-02 18:12:18","id":"8eed0f3eaf50eed9485b04b471999d30","password":"123456","realName":"Yansheng Fu","sex":"male","tel":"13894437805","username":"stephencurry"},{"age":"","createTime":"2021-04-18 22:49:42","head":"","id":"66195b8728e235ff79c3d8b48005a603","password":"wfsy1234","realName":"Jianhui Yang","sex":"female","tel":"17860971012","username":"yjh"},{"age":"","createTime":"2021-03-12 02:11:31","head":"","id":"d85f6d84ac4af4aff61619694e70089e","password":"wzy789.","realName":"Ziwen Wang","sex":"female","tel":"13036354877","username":"ceshi"}],"searchCount":true,"size":100,"total":5}]
2022-10-12 14:12:38.545 [32mINFO [m [http-nio-82-exec-10] [32mo.e.u.Result.<init>(31)[m: Result:[code:200]  [data:{"current":1,"hitCount":false,"optimizeCountSql":true,"orders":[],"pages":1,"records":[{"identifier":"00008","types":"1","qrcode":"ee9b5fc0c7424f52b58fc7980c465df4.jpg","his_location":"m","real_name":"Jianhui Yang","make_date":"2021-05-11","person_in_charge":"66195b8728e235ff79c3d8b48005a603","picture":"ee9b5fc0c7424f52b58fc7980c465df4.jpg","price":"500","name":"ttt","id":"ee9b5fc0c7424f52b58fc7980c465df4","state":"4","brand":"u","use_date":"2"},{"identifier":"000055","types":"电表","qrcode":"bb907bb057f9459bba2b4b33c63ddeab.jpg","his_location":"c区域","real_name":"Ziwen Wang","make_date":"2021-05-11","person_in_charge":"d85f6d84ac4af4aff61619694e70089e","picture":"bb907bb057f9459bba2b4b33c63ddeab.jpg","price":"500","name":"电表甲","id":"bb907bb057f9459bba2b4b33c63ddeab","state":"1","brand":"aaa","use_date":"50"},{"identifier":"123","types":"12223","qrcode":"9cdc512aebfe4fe8a6eb38e5196cdcf3.jpg","his_location":"c","real_name":"Jianhui Yang","make_date":"2021-05-06 00:00:00","person_in_charge":"66195b8728e235ff79c3d8b48005a603","picture":"9cdc512aebfe4fe8a6eb38e5196cdcf3.jpg","price":"12223","name":"test","id":"9cdc512aebfe4fe8a6eb38e5196cdcf3","state":"1","brand":"sdf","use_date":"12"},{"identifier":"3432","types":"www","qrcode":"8e0c48197c5d44dbb53549ade87585d5.jpg","his_location":"321","real_name":"Jianhui Yang","make_date":"2021-05-18","person_in_charge":"66195b8728e235ff79c3d8b48005a603","picture":"8e0c48197c5d44dbb53549ade87585d5.jpg","price":"333","name":"32","id":"8e0c48197c5d44dbb53549ade87585d5","state":"1","brand":"123","use_date":"232"},{"identifier":"00006","types":"1","qrcode":"7a74614e36344804a6f6f14d65116285.jpg","his_location":"5","real_name":"Jianhui Yang","make_date":"2021-04-20","person_in_charge":"66195b8728e235ff79c3d8b48005a603","picture":"7a74614e36344804a6f6f14d65116285.jpg","price":"5000","name":"5","id":"7a74614e36344804a6f6f14d65116285","state":"4","brand":"5","use_date":"5"},{"identifier":"123","types":"12223","qrcode":"5888d304857440119de31c6473d1d557.jpg","his_location":"c","real_name":"Jianhui Yang","make_date":"2021-05-06 00:00:00","person_in_charge":"66195b8728e235ff79c3d8b48005a603","picture":"5888d304857440119de31c6473d1d557.jpg","price":"12223","name":"test","id":"5888d304857440119de31c6473d1d557","state":"1","brand":"sdf","use_date":"12"},{"identifier":"00003","types":"jjjj","qrcode":"35564c56e16f43fbafd5ce3b30448dae.jpg","his_location":"l","real_name":"Ziwen Wang","make_date":"2021-04-04","person_in_charge":"d85f6d84ac4af4aff61619694e70089e","picture":"35564c56e16f43fbafd5ce3b30448dae.jpg","price":"200","name":"050505","id":"35564c56e16f43fbafd5ce3b30448dae","state":"1","brand":"55","use_date":"50"},{"identifier":"00001","types":"类型一","qrcode":"21774d278c1a43519050b96d9d2bc2d9.jpg","his_location":"c区","real_name":"Jianhui Yang","make_date":"2021-04-19","person_in_charge":"66195b8728e235ff79c3d8b48005a603","picture":"21774d278c1a43519050b96d9d2bc2d9.jpg","price":"20000","name":"test1","id":"21774d278c1a43519050b96d9d2bc2d9","state":"2","brand":"111","use_date":"111"},{"identifier":"456","types":"12223","qrcode":"2028ba4b56c549b0a03bc3afbb07b099.jpg","his_location":"a","real_name":"Jianhui Yang","make_date":"2021-05-06 00:00:00","person_in_charge":"66195b8728e235ff79c3d8b48005a603","picture":"2028ba4b56c549b0a03bc3afbb07b099.jpg","price":"12223","name":"test2","id":"2028ba4b56c549b0a03bc3afbb07b099","state":"1","brand":"sdf","use_date":"12"},{"identifier":"123","types":"12223","qrcode":"104718bdeaa641f3ab5c3f3460b2c760.jpg","his_location":"c","real_name":"Jianhui Yang","make_date":"2021-05-06 00:00:00","person_in_charge":"66195b8728e235ff79c3d8b48005a603","price":"12223","name":"test","id":"104718bdeaa641f3ab5c3f3460b2c760","state":"1","brand":"sdf","use_date":"12"},{"identifier":"5","types":"00007","qrcode":"0c8b98ee4e424d35922fab043e4bea63.jpg","his_location":"2","real_name":"Jianhui Yang","make_date":"2021-05-04","person_in_charge":"66195b8728e235ff79c3d8b48005a603","picture":"0c8b98ee4e424d35922fab043e4bea63.jpg","price":"222","name":"222","id":"0c8b98ee4e424d35922fab043e4bea63","state":"1","brand":"222","use_date":"22"}],"searchCount":true,"size":100,"total":11}]
2022-10-12 14:33:41.340 [32mINFO [m [SpringContextShutdownHook] [32mc.a.d.p.DruidDataSource.info(106)[m: {dataSource-1} closing ...
2022-10-12 14:33:41.344 [32mINFO [m [SpringContextShutdownHook] [32mc.a.d.p.DruidDataSource.info(106)[m: {dataSource-1} closed
2022-10-12 14:46:16.396 [32mINFO [m [restartedMain] [32mo.e.StartElectricApplication.logStartupProfileInfo(651)[m: No active profile set, falling back to default profiles: default
2022-10-12 14:46:18.563 [32mINFO [m [restartedMain] [32mc.a.d.p.DruidDataSource.info(106)[m: {dataSource-1} inited
2022-10-12 14:46:18.658 [32mINFO [m [task-1] [32mo.h.Version.logVersion(44)[m: HHH000412: Hibernate ORM core version 5.4.22.Final
2022-10-12 14:46:18.726 [32mINFO [m [task-1] [32mo.h.a.c.Version.<clinit>(49)[m: HCANN000001: Hibernate Commons Annotations {5.1.0.Final}
2022-10-12 14:46:18.859 [32mINFO [m [task-1] [32mo.h.d.Dialect.<init>(170)[m: HHH000400: Using dialect: org.hibernate.dialect.MySQL8Dialect
2022-10-12 14:46:18.977 [33mWARN [m [task-1] [33mo.h.i.UUIDHexGenerator.<init>(42)[m: HHH000409: Using org.hibernate.id.UUIDHexGenerator which does not generate IETF RFC 4122 compliant UUID values; consider using org.hibernate.id.UUIDGenerator instead
2022-10-12 14:46:19.259 [32mINFO [m [task-1] [32mo.h.e.t.j.p.i.JtaPlatformInitiator.initiateService(52)[m: HHH000490: Using JtaPlatform implementation: [org.hibernate.engine.transaction.jta.platform.internal.NoJtaPlatform]
2022-10-12 14:46:20.437 [32mINFO [m [restartedMain] [32mo.e.StartElectricApplication.logStarted(61)[m: Started StartElectricApplication in 4.873 seconds (JVM running for 5.941)
2022-10-12 14:58:07.167 [32mINFO [m [SpringContextShutdownHook] [32mc.a.d.p.DruidDataSource.info(106)[m: {dataSource-1} closing ...
2022-10-12 14:58:07.173 [32mINFO [m [SpringContextShutdownHook] [32mc.a.d.p.DruidDataSource.info(106)[m: {dataSource-1} closed
2022-10-12 15:07:44.317 [32mINFO [m [restartedMain] [32mo.e.StartElectricApplication.logStartupProfileInfo(651)[m: No active profile set, falling back to default profiles: default
2022-10-12 15:07:46.436 [32mINFO [m [restartedMain] [32mc.a.d.p.DruidDataSource.info(106)[m: {dataSource-1} inited
2022-10-12 15:07:46.540 [32mINFO [m [task-1] [32mo.h.Version.logVersion(44)[m: HHH000412: Hibernate ORM core version 5.4.22.Final
2022-10-12 15:07:46.607 [32mINFO [m [task-1] [32mo.h.a.c.Version.<clinit>(49)[m: HCANN000001: Hibernate Commons Annotations {5.1.0.Final}
2022-10-12 15:07:46.744 [32mINFO [m [task-1] [32mo.h.d.Dialect.<init>(170)[m: HHH000400: Using dialect: org.hibernate.dialect.MySQL8Dialect
2022-10-12 15:07:46.884 [33mWARN [m [task-1] [33mo.h.i.UUIDHexGenerator.<init>(42)[m: HHH000409: Using org.hibernate.id.UUIDHexGenerator which does not generate IETF RFC 4122 compliant UUID values; consider using org.hibernate.id.UUIDGenerator instead
2022-10-12 15:07:47.170 [32mINFO [m [task-1] [32mo.h.e.t.j.p.i.JtaPlatformInitiator.initiateService(52)[m: HHH000490: Using JtaPlatform implementation: [org.hibernate.engine.transaction.jta.platform.internal.NoJtaPlatform]
2022-10-12 15:07:48.383 [32mINFO [m [restartedMain] [32mo.e.StartElectricApplication.logStarted(61)[m: Started StartElectricApplication in 4.887 seconds (JVM running for 5.762)
2022-10-12 15:13:15.941 [32mINFO [m [SpringContextShutdownHook] [32mc.a.d.p.DruidDataSource.info(106)[m: {dataSource-1} closing ...
2022-10-12 15:13:15.943 [32mINFO [m [SpringContextShutdownHook] [32mc.a.d.p.DruidDataSource.info(106)[m: {dataSource-1} closed
2022-10-12 15:22:09.005 [32mINFO [m [restartedMain] [32mo.e.StartElectricApplication.logStartupProfileInfo(651)[m: No active profile set, falling back to default profiles: default
2022-10-12 15:22:11.095 [32mINFO [m [restartedMain] [32mc.a.d.p.DruidDataSource.info(106)[m: {dataSource-1} inited
2022-10-12 15:22:11.185 [32mINFO [m [task-1] [32mo.h.Version.logVersion(44)[m: HHH000412: Hibernate ORM core version 5.4.22.Final
2022-10-12 15:22:11.247 [32mINFO [m [task-1] [32mo.h.a.c.Version.<clinit>(49)[m: HCANN000001: Hibernate Commons Annotations {5.1.0.Final}
2022-10-12 15:22:11.345 [32mINFO [m [task-1] [32mo.h.d.Dialect.<init>(170)[m: HHH000400: Using dialect: org.hibernate.dialect.MySQL8Dialect
2022-10-12 15:22:11.465 [33mWARN [m [task-1] [33mo.h.i.UUIDHexGenerator.<init>(42)[m: HHH000409: Using org.hibernate.id.UUIDHexGenerator which does not generate IETF RFC 4122 compliant UUID values; consider using org.hibernate.id.UUIDGenerator instead
2022-10-12 15:22:11.768 [32mINFO [m [task-1] [32mo.h.e.t.j.p.i.JtaPlatformInitiator.initiateService(52)[m: HHH000490: Using JtaPlatform implementation: [org.hibernate.engine.transaction.jta.platform.internal.NoJtaPlatform]
2022-10-12 15:22:13.028 [32mINFO [m [restartedMain] [32mo.e.StartElectricApplication.logStarted(61)[m: Started StartElectricApplication in 4.892 seconds (JVM running for 5.944)
2022-10-12 15:28:55.275 [32mINFO [m [SpringContextShutdownHook] [32mc.a.d.p.DruidDataSource.info(106)[m: {dataSource-1} closing ...
2022-10-12 15:28:55.278 [32mINFO [m [SpringContextShutdownHook] [32mc.a.d.p.DruidDataSource.info(106)[m: {dataSource-1} closed
2022-10-12 15:53:44.365 [32mINFO [m [restartedMain] [32mo.e.StartElectricApplication.logStartupProfileInfo(651)[m: No active profile set, falling back to default profiles: default
2022-10-12 15:53:46.949 [32mINFO [m [restartedMain] [32mc.a.d.p.DruidDataSource.info(106)[m: {dataSource-1} inited
2022-10-12 15:53:47.087 [32mINFO [m [task-1] [32mo.h.Version.logVersion(44)[m: HHH000412: Hibernate ORM core version 5.4.22.Final
2022-10-12 15:53:47.204 [32mINFO [m [task-1] [32mo.h.a.c.Version.<clinit>(49)[m: HCANN000001: Hibernate Commons Annotations {5.1.0.Final}
2022-10-12 15:53:47.433 [32mINFO [m [task-1] [32mo.h.d.Dialect.<init>(170)[m: HHH000400: Using dialect: org.hibernate.dialect.MySQL8Dialect
2022-10-12 15:53:47.584 [33mWARN [m [task-1] [33mo.h.i.UUIDHexGenerator.<init>(42)[m: HHH000409: Using org.hibernate.id.UUIDHexGenerator which does not generate IETF RFC 4122 compliant UUID values; consider using org.hibernate.id.UUIDGenerator instead
2022-10-12 15:53:47.992 [32mINFO [m [task-1] [32mo.h.e.t.j.p.i.JtaPlatformInitiator.initiateService(52)[m: HHH000490: Using JtaPlatform implementation: [org.hibernate.engine.transaction.jta.platform.internal.NoJtaPlatform]
2022-10-12 15:53:50.491 [32mINFO [m [restartedMain] [32mo.e.StartElectricApplication.logStarted(61)[m: Started StartElectricApplication in 7.211 seconds (JVM running for 8.104)
2022-10-12 16:16:06.330 [32mINFO [m [SpringContextShutdownHook] [32mc.a.d.p.DruidDataSource.info(106)[m: {dataSource-1} closing ...
2022-10-12 16:16:06.333 [32mINFO [m [SpringContextShutdownHook] [32mc.a.d.p.DruidDataSource.info(106)[m: {dataSource-1} closed
